        -:    0:Source:/home/sebifp/devStuff/repos/OOP-CPP/domain/Car.cpp
        -:    0:Graph:/home/sebifp/devStuff/repos/OOP-CPP/cmake-build-debug-coverage/CMakeFiles/cpplab.dir/domain/Car.cpp.gcno
        -:    0:Data:/home/sebifp/devStuff/repos/OOP-CPP/cmake-build-debug-coverage/CMakeFiles/cpplab.dir/domain/Car.cpp.gcda
        -:    0:Runs:1
        -:    1:#include <stdexcept>
        -:    2:#include "Car.h"
        -:    3:#include "../misc/Exceptions.h"
        -:    4:
        -:    5:
function _ZN3CarC2ERKNSt7__cxx1112basic_stringIcSt11char_traitsIcESaIcEEES7_S7_S7_ called 138 returned 99% blocks executed 76%
      138:    6:Car::Car(const std::string& registrationNumber, const std::string& producer, const std::string& model,
      138:    7:         const std::string& type) {
      138:    7-block  0
call    0 returned 138
call    1 returned 138
call    2 returned 138
call    3 returned 138
      138:    8:    std::string errors = "";
call    0 returned 138
call    1 returned 138
branch  2 taken 138 (fallthrough)
branch  3 taken 0 (throw)
    $$$$$:    8-block  0
        -:    9:
        -:   10:    // check if the registrationNumber is valid and assign it if it is
        -:   11:    try {
      138:   12:        CarValidators::validateRegistrationNumber(registrationNumber);
call    0 returned 138
branch  1 taken 136 (fallthrough)
branch  2 taken 2 (throw)
      136:   13:        this->registrationNumber = registrationNumber;
      136:   13-block  0
call    0 returned 136
branch  1 taken 136 (fallthrough)
branch  2 taken 0 (throw)
        2:   14:    } catch (const std::runtime_error& error) {
        2:   14-block  0
branch  0 taken 0 (fallthrough)
branch  1 taken 2
        2:   14-block  1
call    2 returned 2
        2:   15:        errors.append(error.what());
call    0 returned 2
call    1 returned 2
branch  2 taken 2 (fallthrough)
branch  3 taken 0 (throw)
        2:   16:    }
        2:   16-block  0
call    0 returned 2
    $$$$$:   16-block  1
call    1 never executed
        -:   17:
        -:   18:    // check if the producer is valid and assign it if it is
        -:   19:    try {
      138:   20:        CarValidators::validateProducer(producer);
      138:   20-block  0
call    0 returned 138
branch  1 taken 137 (fallthrough)
branch  2 taken 1 (throw)
      137:   21:        this->producer = producer;
      137:   21-block  0
call    0 returned 137
branch  1 taken 137 (fallthrough)
branch  2 taken 0 (throw)
        1:   22:    } catch (const std::runtime_error& error) {
        1:   22-block  0
branch  0 taken 0 (fallthrough)
branch  1 taken 1
        1:   22-block  1
call    2 returned 1
        1:   23:        errors.append(error.what());
call    0 returned 1
call    1 returned 1
branch  2 taken 1 (fallthrough)
branch  3 taken 0 (throw)
        1:   24:    }
        1:   24-block  0
call    0 returned 1
    $$$$$:   24-block  1
call    1 never executed
        -:   25:
        -:   26:    // check if the model is valid and assign it if it is
        -:   27:    try {
      138:   28:        CarValidators::validateModel(model);
      138:   28-block  0
call    0 returned 138
branch  1 taken 137 (fallthrough)
branch  2 taken 1 (throw)
      137:   29:        this->model = model;
      137:   29-block  0
call    0 returned 137
branch  1 taken 137 (fallthrough)
branch  2 taken 0 (throw)
        1:   30:    } catch (const std::runtime_error& error) {
        1:   30-block  0
branch  0 taken 0 (fallthrough)
branch  1 taken 1
        1:   30-block  1
call    2 returned 1
        1:   31:        errors.append(error.what());
call    0 returned 1
call    1 returned 1
branch  2 taken 1 (fallthrough)
branch  3 taken 0 (throw)
        1:   32:    }
        1:   32-block  0
call    0 returned 1
    $$$$$:   32-block  1
call    1 never executed
        -:   33:
        -:   34:    // check if the type is valid and assign it if it is
        -:   35:    try {
      138:   36:        CarValidators::validateType(type);
      138:   36-block  0
call    0 returned 138
branch  1 taken 137 (fallthrough)
branch  2 taken 1 (throw)
      137:   37:        this->type = type;
      137:   37-block  0
call    0 returned 137
branch  1 taken 137 (fallthrough)
branch  2 taken 0 (throw)
        1:   38:    } catch (const std::runtime_error& error) {
        1:   38-block  0
branch  0 taken 0 (fallthrough)
branch  1 taken 1
        1:   38-block  1
call    2 returned 1
        1:   39:        errors.append(error.what());
call    0 returned 1
call    1 returned 1
branch  2 taken 1 (fallthrough)
branch  3 taken 0 (throw)
        1:   40:    }
        1:   40-block  0
call    0 returned 1
    $$$$$:   40-block  1
call    1 never executed
        -:   41:
      138:   42:    if (!errors.empty()) {
      138:   42-block  0
call    0 returned 138
branch  1 taken 2 (fallthrough)
branch  2 taken 136
        2:   43:        throw InvalidDataError(errors);
        2:   43-block  0
call    0 returned 2
call    1 returned 2
branch  2 taken 2 (fallthrough)
branch  3 taken 0 (throw)
        2:   43-block  1
call    4 returned 2
call    5 returned 2
call    6 returned 2
    $$$$$:   43-block  2
call    7 never executed
        -:   44:    }
        -:   45:
      146:   46:}
      136:   46-block  0
call    0 returned 136
        2:   46-block  1
call    1 returned 2
        2:   46-block  2
call    2 returned 2
        2:   46-block  3
call    3 returned 2
        2:   46-block  4
call    4 returned 2
        2:   46-block  5
call    5 returned 2
        -:   47:
        -:   48:
        -:   49:
function _ZNK3Car21getRegistrationNumberB5cxx11Ev called 439 returned 100% blocks executed 100%
      439:   50:std::string Car::getRegistrationNumber() const {
      439:   51:    return this->registrationNumber;
      439:   51-block  0
call    0 returned 439
        -:   52:}
        -:   53:
function _ZNK3Car8getModelB5cxx11Ev called 54 returned 100% blocks executed 100%
       54:   54:std::string Car::getModel() const {
       54:   55:    return this->model;
       54:   55-block  0
call    0 returned 54
        -:   56:}
        -:   57:
function _ZNK3Car11getProducerB5cxx11Ev called 74 returned 100% blocks executed 100%
       74:   58:std::string Car::getProducer() const {
       74:   59:    return this->producer;
       74:   59-block  0
call    0 returned 74
        -:   60:}
        -:   61:
function _ZNK3Car7getTypeB5cxx11Ev called 68 returned 100% blocks executed 100%
       68:   62:std::string Car::getType() const {
       68:   63:    return this->type;
       68:   63-block  0
call    0 returned 68
        -:   64:}
        -:   65:
function _ZN3Car21setRegistrationNumberERKNSt7__cxx1112basic_stringIcSt11char_traitsIcESaIcEEE called 2 returned 50% blocks executed 100%
        2:   66:void Car::setRegistrationNumber(const std::string& newRegistrationNumber) {
        -:   67:    // check if the newRegistrationNumber is valid and set is if it is
        2:   68:    CarValidators::validateRegistrationNumber(newRegistrationNumber);
        2:   68-block  0
call    0 returned 1
        1:   69:    this->registrationNumber = newRegistrationNumber;
call    0 returned 1
        1:   70:}
        -:   71:
function _ZN3Car8setModelERKNSt7__cxx1112basic_stringIcSt11char_traitsIcESaIcEEE called 2 returned 50% blocks executed 100%
        2:   72:void Car::setModel(const std::string& newModel) {
        -:   73:    // check if the newModel is valid and set it if it is
        2:   74:    CarValidators::validateModel(newModel);
        2:   74-block  0
call    0 returned 1
        1:   75:    this->model = newModel;
call    0 returned 1
        1:   76:}
        -:   77:
function _ZN3Car11setProducerERKNSt7__cxx1112basic_stringIcSt11char_traitsIcESaIcEEE called 2 returned 50% blocks executed 100%
        2:   78:void Car::setProducer(const std::string& newProducer) {
        -:   79:    // check if the newProducer is valid and set it if it is
        2:   80:    CarValidators::validateProducer(newProducer);
        2:   80-block  0
call    0 returned 1
        1:   81:    this->producer = newProducer;
call    0 returned 1
        1:   82:}
        -:   83:
function _ZN3Car7setTypeERKNSt7__cxx1112basic_stringIcSt11char_traitsIcESaIcEEE called 2 returned 50% blocks executed 100%
        2:   84:void Car::setType(const std::string& newType) {
        -:   85:    // check if the newType is valid and set it if it is
        2:   86:    CarValidators::validateType(newType);
        2:   86-block  0
call    0 returned 1
        1:   87:    this->type = newType;
call    0 returned 1
        1:   88:}
        -:   89:
function _ZN3Car11compareCarsES_ called 18 returned 100% blocks executed 64%
       18:   90:bool Car::compareCars(Car carToCompareWith) {
        -:   91:    // compare all fields and if one is not equal return false
       18:   92:    if (
       35:   93:            this->registrationNumber != carToCompareWith.getRegistrationNumber() ||
branch  0 taken 17 (fallthrough)
branch  1 taken 0
       18:   93-block  0
call    2 returned 18
       18:   93-block  1
branch  3 taken 1 (fallthrough)
branch  4 taken 17
    $$$$$:   93-block  2
branch  5 never executed
branch  6 never executed
    $$$$$:   93-block  3
call    7 never executed
       52:   94:            this->model!= carToCompareWith.getModel() ||
       17:   94-block  0
call    0 returned 17
branch  1 taken 17 (fallthrough)
branch  2 taken 0 (throw)
       17:   94-block  1
call    3 returned 17
branch  4 taken 17 (fallthrough)
branch  5 taken 0
       17:   94-block  2
call    6 returned 17
       18:   94-block  3
branch  7 taken 18 (fallthrough)
branch  8 taken 0
    $$$$$:   94-block  4
branch  9 never executed
branch 10 never executed
    $$$$$:   94-block  5
call   11 never executed
    $$$$$:   94-block  6
       70:   95:            this->producer!= carToCompareWith.getProducer() ||
       18:   95-block  0
call    0 returned 18
branch  1 taken 18 (fallthrough)
branch  2 taken 0 (throw)
       18:   95-block  1
call    3 returned 18
branch  4 taken 17 (fallthrough)
branch  5 taken 1
       17:   95-block  2
call    6 returned 17
branch  7 taken 17 (fallthrough)
branch  8 taken 0 (throw)
       17:   95-block  3
call    9 returned 17
branch 10 taken 0 (fallthrough)
branch 11 taken 17
        1:   95-block  4
       17:   95-block  5
       17:   95-block  6
call   12 returned 17
       18:   95-block  7
branch 13 taken 17 (fallthrough)
branch 14 taken 1
    $$$$$:   95-block  8
branch 15 never executed
branch 16 never executed
    $$$$$:   95-block  9
call   17 never executed
    $$$$$:   95-block 10
       35:   96:            this->type!= carToCompareWith.getType()
       17:   96-block  0
call    0 returned 17
branch  1 taken 17 (fallthrough)
branch  2 taken 0 (throw)
       17:   96-block  1
call    3 returned 17
       18:   96-block  2
branch  4 taken 17 (fallthrough)
branch  5 taken 1
       17:   96-block  3
call    6 returned 17
       18:   96-block  4
branch  7 taken 17 (fallthrough)
branch  8 taken 1
    $$$$$:   96-block  5
branch  9 never executed
branch 10 never executed
    $$$$$:   96-block  6
call   11 never executed
    $$$$$:   96-block  7
        -:   97:            ) {
        1:   98:        return false;
        1:   98-block  0
        -:   99:    }
       17:  100:    return true;
       17:  100-block  0
        -:  101:}
        -:  102:
function _ZN3CarC2ERKS_ called 352 returned 100% blocks executed 61%
      352:  103:Car::Car(const Car &car) {
      352:  103-block  0
call    0 returned 352
call    1 returned 352
call    2 returned 352
call    3 returned 352
      352:  104:    registrationNumber = car.registrationNumber;
call    0 returned 352
branch  1 taken 352 (fallthrough)
branch  2 taken 0 (throw)
      352:  105:    model = car.model;
      352:  105-block  0
call    0 returned 352
branch  1 taken 352 (fallthrough)
branch  2 taken 0 (throw)
      352:  106:    producer = car.producer;
      352:  106-block  0
call    0 returned 352
branch  1 taken 352 (fallthrough)
branch  2 taken 0 (throw)
      352:  107:    type = car.type;
      352:  107-block  0
call    0 returned 352
branch  1 taken 352 (fallthrough)
branch  2 taken 0 (throw)
        -:  108:
      352:  109:    printf("Constructor\n");
      352:  109-block  0
call    0 returned 352
branch  1 taken 352 (fallthrough)
branch  2 taken 0 (throw)
      352:  110:}
      352:  110-block  0
    $$$$$:  110-block  1
call    0 never executed
    $$$$$:  110-block  2
call    1 never executed
    $$$$$:  110-block  3
call    2 never executed
    $$$$$:  110-block  4
call    3 never executed
        -:  111:
function _ZN3CarC2Ev called 16 returned 100% blocks executed 100%
       16:  112:Car::Car() {
       16:  112-block  0
call    0 returned 16
call    1 returned 16
call    2 returned 16
call    3 returned 16
       16:  113:}
