        -:    0:Source:/home/sebifp/devStuff/repos/OOP-CPP/test/CarControllerTests.cpp
        -:    0:Graph:/home/sebifp/devStuff/repos/OOP-CPP/cmake-build-debug-coverage/CMakeFiles/cpplab.dir/test/CarControllerTests.cpp.gcno
        -:    0:Data:/home/sebifp/devStuff/repos/OOP-CPP/cmake-build-debug-coverage/CMakeFiles/cpplab.dir/test/CarControllerTests.cpp.gcda
        -:    0:Runs:1
        -:    1:#include <cassert>
        -:    2:#include "CarControllerTests.h"
        -:    3:#include "../controller/CarController.h"
        -:    4:#include "../misc/Filters.h"
        -:    5:#include "../misc/SortingFunctions.h"
        -:    6:
function _ZN18CarControllerTests14testGetAllCarsEv called 1 returned 100% blocks executed 44%
        1:    7:void CarControllerTests::testGetAllCars() {
        -:    8:    // Arrange
        1:    9:    CarRepository carRepository = CarRepository();
        1:    9-block  0
call    0 returned 1
        1:   10:    CarController carController = CarController(carRepository);
call    0 returned 1
branch  1 taken 1 (fallthrough)
branch  2 taken 0 (throw)
        2:   11:    Car car1 = Car("RO123AB", "AAA", "AAA", "AAA");
        1:   11-block  0
call    0 returned 1
call    1 returned 1
branch  2 taken 1 (fallthrough)
branch  3 taken 0 (throw)
        1:   11-block  1
call    4 returned 1
call    5 returned 1
branch  6 taken 1 (fallthrough)
branch  7 taken 0 (throw)
        1:   11-block  2
call    8 returned 1
call    9 returned 1
branch 10 taken 1 (fallthrough)
branch 11 taken 0 (throw)
        1:   11-block  3
call   12 returned 1
call   13 returned 1
branch 14 taken 1 (fallthrough)
branch 15 taken 0 (throw)
        1:   11-block  4
call   16 returned 1
branch 17 taken 1 (fallthrough)
branch 18 taken 0 (throw)
call   19 returned 1
call   20 returned 1
call   21 returned 1
call   22 returned 1
call   23 returned 1
call   24 returned 1
call   25 returned 1
    $$$$$:   11-block  5
    $$$$$:   11-block  6
    $$$$$:   11-block  7
    $$$$$:   11-block  8
    $$$$$:   11-block  9
    $$$$$:   11-block 10
    $$$$$:   11-block 11
    $$$$$:   11-block 12
        2:   12:    Car car2 = Car("RO456CD", "BBB", "BBB", "BBB");
call    0 returned 1
call    1 returned 1
branch  2 taken 1 (fallthrough)
branch  3 taken 0 (throw)
        1:   12-block  0
call    4 returned 1
call    5 returned 1
branch  6 taken 1 (fallthrough)
branch  7 taken 0 (throw)
        1:   12-block  1
call    8 returned 1
call    9 returned 1
branch 10 taken 1 (fallthrough)
branch 11 taken 0 (throw)
        1:   12-block  2
call   12 returned 1
call   13 returned 1
branch 14 taken 1 (fallthrough)
branch 15 taken 0 (throw)
        1:   12-block  3
call   16 returned 1
branch 17 taken 1 (fallthrough)
branch 18 taken 0 (throw)
call   19 returned 1
call   20 returned 1
call   21 returned 1
call   22 returned 1
call   23 returned 1
call   24 returned 1
call   25 returned 1
    $$$$$:   12-block  4
    $$$$$:   12-block  5
    $$$$$:   12-block  6
    $$$$$:   12-block  7
    $$$$$:   12-block  8
    $$$$$:   12-block  9
    $$$$$:   12-block 10
    $$$$$:   12-block 11
        1:   13:    carController.addNewCar("RO123AB", "AAA", "AAA", "AAA");
call    0 returned 1
call    1 returned 1
branch  2 taken 1 (fallthrough)
branch  3 taken 0 (throw)
        1:   13-block  0
call    4 returned 1
call    5 returned 1
branch  6 taken 1 (fallthrough)
branch  7 taken 0 (throw)
        1:   13-block  1
call    8 returned 1
call    9 returned 1
branch 10 taken 1 (fallthrough)
branch 11 taken 0 (throw)
        1:   13-block  2
call   12 returned 1
call   13 returned 1
branch 14 taken 1 (fallthrough)
branch 15 taken 0 (throw)
        1:   13-block  3
call   16 returned 1
branch 17 taken 1 (fallthrough)
branch 18 taken 0 (throw)
        1:   13-block  4
call   19 returned 1
call   20 returned 1
call   21 returned 1
call   22 returned 1
call   23 returned 1
call   24 returned 1
call   25 returned 1
call   26 returned 1
    $$$$$:   13-block  5
call   27 never executed
    $$$$$:   13-block  6
    $$$$$:   13-block  7
call   28 never executed
    $$$$$:   13-block  8
    $$$$$:   13-block  9
call   29 never executed
    $$$$$:   13-block 10
    $$$$$:   13-block 11
call   30 never executed
    $$$$$:   13-block 12
    $$$$$:   13-block 13
call   31 never executed
    $$$$$:   13-block 14
    $$$$$:   13-block 15
call   32 never executed
    $$$$$:   13-block 16
    $$$$$:   13-block 17
call   33 never executed
    $$$$$:   13-block 18
    $$$$$:   13-block 19
call   34 never executed
    $$$$$:   13-block 20
        1:   14:    carController.addNewCar("RO456CD", "BBB", "BBB", "BBB");
call    0 returned 1
call    1 returned 1
branch  2 taken 1 (fallthrough)
branch  3 taken 0 (throw)
        1:   14-block  0
call    4 returned 1
call    5 returned 1
branch  6 taken 1 (fallthrough)
branch  7 taken 0 (throw)
        1:   14-block  1
call    8 returned 1
call    9 returned 1
branch 10 taken 1 (fallthrough)
branch 11 taken 0 (throw)
        1:   14-block  2
call   12 returned 1
call   13 returned 1
branch 14 taken 1 (fallthrough)
branch 15 taken 0 (throw)
        1:   14-block  3
call   16 returned 1
branch 17 taken 1 (fallthrough)
branch 18 taken 0 (throw)
        1:   14-block  4
call   19 returned 1
call   20 returned 1
call   21 returned 1
call   22 returned 1
call   23 returned 1
call   24 returned 1
call   25 returned 1
call   26 returned 1
    $$$$$:   14-block  5
call   27 never executed
    $$$$$:   14-block  6
    $$$$$:   14-block  7
call   28 never executed
    $$$$$:   14-block  8
    $$$$$:   14-block  9
call   29 never executed
    $$$$$:   14-block 10
    $$$$$:   14-block 11
call   30 never executed
    $$$$$:   14-block 12
    $$$$$:   14-block 13
call   31 never executed
    $$$$$:   14-block 14
    $$$$$:   14-block 15
call   32 never executed
    $$$$$:   14-block 16
    $$$$$:   14-block 17
call   33 never executed
    $$$$$:   14-block 18
    $$$$$:   14-block 19
call   34 never executed
    $$$$$:   14-block 20
        -:   15:
        -:   16:    // Act
        1:   17:    std::vector<Car> actual = carController.getAllCars();
call    0 returned 1
branch  1 taken 1 (fallthrough)
branch  2 taken 0 (throw)
        1:   17-block  0
call    3 returned 1
branch  4 taken 1 (fallthrough)
branch  5 taken 0 (throw)
        -:   18:
        -:   19:    // Assert
       1*:   20:    assert(car1.compareCars(actual.at(0)));
        1:   20-block  0
call    0 returned 1
branch  1 taken 1 (fallthrough)
branch  2 taken 0 (throw)
        1:   20-block  1
call    3 returned 1
branch  4 taken 1 (fallthrough)
branch  5 taken 0 (throw)
        1:   20-block  2
call    6 returned 1
branch  7 taken 1 (fallthrough)
branch  8 taken 0 (throw)
        1:   20-block  3
branch  9 taken 0 (fallthrough)
branch 10 taken 1
    %%%%%:   20-block  4
call   11 never executed
        1:   20-block  5
call   12 returned 1
    $$$$$:   20-block  6
call   13 never executed
    $$$$$:   20-block  7
       1*:   21:    assert(car2.compareCars(actual.at(1)));
call    0 returned 1
branch  1 taken 1 (fallthrough)
branch  2 taken 0 (throw)
        1:   21-block  0
call    3 returned 1
branch  4 taken 1 (fallthrough)
branch  5 taken 0 (throw)
        1:   21-block  1
call    6 returned 1
branch  7 taken 1 (fallthrough)
branch  8 taken 0 (throw)
        1:   21-block  2
branch  9 taken 0 (fallthrough)
branch 10 taken 1
    %%%%%:   21-block  3
call   11 never executed
        1:   21-block  4
call   12 returned 1
    $$$$$:   21-block  5
call   13 never executed
    $$$$$:   21-block  6
        1:   22:}
call    0 returned 1
call    1 returned 1
call    2 returned 1
call    3 returned 1
    $$$$$:   22-block  0
call    4 never executed
    $$$$$:   22-block  1
call    5 never executed
    $$$$$:   22-block  2
call    6 never executed
    $$$$$:   22-block  3
call    7 never executed
        -:   23:
function _ZN18CarControllerTests31testFindCarByRegistrationNumberEv called 1 returned 100% blocks executed 45%
        1:   24:void CarControllerTests::testFindCarByRegistrationNumber() {
        -:   25:    // Arrange
        1:   26:    CarRepository carRepository = CarRepository();
        1:   26-block  0
call    0 returned 1
        1:   27:    CarController carController = CarController(carRepository);
call    0 returned 1
branch  1 taken 1 (fallthrough)
branch  2 taken 0 (throw)
        2:   28:    Car car1 = Car("RO123AB", "AAA", "AAA", "AAA");
        1:   28-block  0
call    0 returned 1
call    1 returned 1
branch  2 taken 1 (fallthrough)
branch  3 taken 0 (throw)
        1:   28-block  1
call    4 returned 1
call    5 returned 1
branch  6 taken 1 (fallthrough)
branch  7 taken 0 (throw)
        1:   28-block  2
call    8 returned 1
call    9 returned 1
branch 10 taken 1 (fallthrough)
branch 11 taken 0 (throw)
        1:   28-block  3
call   12 returned 1
call   13 returned 1
branch 14 taken 1 (fallthrough)
branch 15 taken 0 (throw)
        1:   28-block  4
call   16 returned 1
branch 17 taken 1 (fallthrough)
branch 18 taken 0 (throw)
call   19 returned 1
call   20 returned 1
call   21 returned 1
call   22 returned 1
call   23 returned 1
call   24 returned 1
call   25 returned 1
    $$$$$:   28-block  5
    $$$$$:   28-block  6
    $$$$$:   28-block  7
    $$$$$:   28-block  8
    $$$$$:   28-block  9
    $$$$$:   28-block 10
    $$$$$:   28-block 11
    $$$$$:   28-block 12
        2:   29:    Car car2 = Car("RO111AB", "BBB", "BBB", "BBB");
call    0 returned 1
call    1 returned 1
branch  2 taken 1 (fallthrough)
branch  3 taken 0 (throw)
        1:   29-block  0
call    4 returned 1
call    5 returned 1
branch  6 taken 1 (fallthrough)
branch  7 taken 0 (throw)
        1:   29-block  1
call    8 returned 1
call    9 returned 1
branch 10 taken 1 (fallthrough)
branch 11 taken 0 (throw)
        1:   29-block  2
call   12 returned 1
call   13 returned 1
branch 14 taken 1 (fallthrough)
branch 15 taken 0 (throw)
        1:   29-block  3
call   16 returned 1
branch 17 taken 1 (fallthrough)
branch 18 taken 0 (throw)
call   19 returned 1
call   20 returned 1
call   21 returned 1
call   22 returned 1
call   23 returned 1
call   24 returned 1
call   25 returned 1
    $$$$$:   29-block  4
    $$$$$:   29-block  5
    $$$$$:   29-block  6
    $$$$$:   29-block  7
    $$$$$:   29-block  8
    $$$$$:   29-block  9
    $$$$$:   29-block 10
    $$$$$:   29-block 11
        1:   30:    carController.addNewCar("RO123AB", "AAA", "AAA", "AAA");
call    0 returned 1
call    1 returned 1
branch  2 taken 1 (fallthrough)
branch  3 taken 0 (throw)
        1:   30-block  0
call    4 returned 1
call    5 returned 1
branch  6 taken 1 (fallthrough)
branch  7 taken 0 (throw)
        1:   30-block  1
call    8 returned 1
call    9 returned 1
branch 10 taken 1 (fallthrough)
branch 11 taken 0 (throw)
        1:   30-block  2
call   12 returned 1
call   13 returned 1
branch 14 taken 1 (fallthrough)
branch 15 taken 0 (throw)
        1:   30-block  3
call   16 returned 1
branch 17 taken 1 (fallthrough)
branch 18 taken 0 (throw)
        1:   30-block  4
call   19 returned 1
call   20 returned 1
call   21 returned 1
call   22 returned 1
call   23 returned 1
call   24 returned 1
call   25 returned 1
call   26 returned 1
    $$$$$:   30-block  5
call   27 never executed
    $$$$$:   30-block  6
    $$$$$:   30-block  7
call   28 never executed
    $$$$$:   30-block  8
    $$$$$:   30-block  9
call   29 never executed
    $$$$$:   30-block 10
    $$$$$:   30-block 11
call   30 never executed
    $$$$$:   30-block 12
    $$$$$:   30-block 13
call   31 never executed
    $$$$$:   30-block 14
    $$$$$:   30-block 15
call   32 never executed
    $$$$$:   30-block 16
    $$$$$:   30-block 17
call   33 never executed
    $$$$$:   30-block 18
    $$$$$:   30-block 19
call   34 never executed
    $$$$$:   30-block 20
        1:   31:    carController.addNewCar("RO111AB", "BBB", "BBB" , "BBB");
call    0 returned 1
call    1 returned 1
branch  2 taken 1 (fallthrough)
branch  3 taken 0 (throw)
        1:   31-block  0
call    4 returned 1
call    5 returned 1
branch  6 taken 1 (fallthrough)
branch  7 taken 0 (throw)
        1:   31-block  1
call    8 returned 1
call    9 returned 1
branch 10 taken 1 (fallthrough)
branch 11 taken 0 (throw)
        1:   31-block  2
call   12 returned 1
call   13 returned 1
branch 14 taken 1 (fallthrough)
branch 15 taken 0 (throw)
        1:   31-block  3
call   16 returned 1
branch 17 taken 1 (fallthrough)
branch 18 taken 0 (throw)
        1:   31-block  4
call   19 returned 1
call   20 returned 1
call   21 returned 1
call   22 returned 1
call   23 returned 1
call   24 returned 1
call   25 returned 1
call   26 returned 1
    $$$$$:   31-block  5
call   27 never executed
    $$$$$:   31-block  6
    $$$$$:   31-block  7
call   28 never executed
    $$$$$:   31-block  8
    $$$$$:   31-block  9
call   29 never executed
    $$$$$:   31-block 10
    $$$$$:   31-block 11
call   30 never executed
    $$$$$:   31-block 12
    $$$$$:   31-block 13
call   31 never executed
    $$$$$:   31-block 14
    $$$$$:   31-block 15
call   32 never executed
    $$$$$:   31-block 16
    $$$$$:   31-block 17
call   33 never executed
    $$$$$:   31-block 18
    $$$$$:   31-block 19
call   34 never executed
    $$$$$:   31-block 20
        -:   32:
        -:   33:    // Act
        2:   34:    Car actual1 = carController.findCarByRegistrationNumber("RO123AB");
call    0 returned 1
call    1 returned 1
branch  2 taken 1 (fallthrough)
branch  3 taken 0 (throw)
        1:   34-block  0
call    4 returned 1
branch  5 taken 1 (fallthrough)
branch  6 taken 0 (throw)
call    7 returned 1
    $$$$$:   34-block  1
    $$$$$:   34-block  2
        2:   35:    Car actual2 = carController.findCarByRegistrationNumber("RO111AB");
call    0 returned 1
call    1 returned 1
branch  2 taken 1 (fallthrough)
branch  3 taken 0 (throw)
        1:   35-block  0
call    4 returned 1
branch  5 taken 1 (fallthrough)
branch  6 taken 0 (throw)
call    7 returned 1
    $$$$$:   35-block  1
    $$$$$:   35-block  2
        -:   36:    try {
       3*:   37:        carController.findCarByRegistrationNumber("RO222CD");
call    0 returned 1
call    1 returned 1
branch  2 taken 1 (fallthrough)
branch  3 taken 0 (throw)
        1:   37-block  0
call    4 returned 1
branch  5 taken 0 (fallthrough)
branch  6 taken 1 (throw)
    %%%%%:   37-block  1
call    7 never executed
call    8 never executed
call    9 never executed
        1:   37-block  2
call   10 returned 1
        1:   37-block  3
        1:   37-block  4
call   11 returned 1
        1:   37-block  5
    #####:   38:        assert(false == true);
call    0 never executed
        1:   39:    } catch (...) {
        1:   39-block  0
        1:   39-block  1
call    0 returned 1
        -:   40:        assert(true == true);
        1:   41:    }
call    0 returned 1
branch  1 taken 1 (fallthrough)
branch  2 taken 0 (throw)
        -:   42:
        -:   43:    // Assert
        1:   44:    assert(car1.compareCars(actual1));
        1:   44-block  0
call    0 returned 1
branch  1 taken 1 (fallthrough)
branch  2 taken 0 (throw)
        1:   44-block  1
call    3 returned 1
branch  4 taken 1 (fallthrough)
branch  5 taken 0 (throw)
        1:   44-block  2
branch  6 taken 0 (fallthrough)
branch  7 taken 1
    $$$$$:   44-block  3
call    8 never executed
        1:   44-block  4
call    9 returned 1
    $$$$$:   44-block  5
call   10 never executed
    $$$$$:   44-block  6
        1:   45:    assert(car2.compareCars(actual2));
call    0 returned 1
branch  1 taken 1 (fallthrough)
branch  2 taken 0 (throw)
        1:   45-block  0
call    3 returned 1
branch  4 taken 1 (fallthrough)
branch  5 taken 0 (throw)
        1:   45-block  1
branch  6 taken 0 (fallthrough)
branch  7 taken 1
    $$$$$:   45-block  2
call    8 never executed
        1:   45-block  3
call    9 returned 1
    $$$$$:   45-block  4
call   10 never executed
    $$$$$:   45-block  5
        1:   46:}
call    0 returned 1
call    1 returned 1
call    2 returned 1
call    3 returned 1
call    4 returned 1
    $$$$$:   46-block  0
call    5 never executed
    $$$$$:   46-block  1
call    6 never executed
    $$$$$:   46-block  2
call    7 never executed
    $$$$$:   46-block  3
call    8 never executed
    $$$$$:   46-block  4
call    9 never executed
        -:   47:
function _ZN18CarControllerTests10testAddCarEv called 1 returned 100% blocks executed 54%
        1:   48:void CarControllerTests::testAddCar() {
        -:   49:    // Arrange
        1:   50:    CarRepository carRepository = CarRepository();
        1:   50-block  0
call    0 returned 1
        1:   51:    CarController carController = CarController(carRepository);
call    0 returned 1
branch  1 taken 1 (fallthrough)
branch  2 taken 0 (throw)
        2:   52:    Car car1 = Car("RO123AB", "AAA", "AAA", "AAA");
        1:   52-block  0
call    0 returned 1
call    1 returned 1
branch  2 taken 1 (fallthrough)
branch  3 taken 0 (throw)
        1:   52-block  1
call    4 returned 1
call    5 returned 1
branch  6 taken 1 (fallthrough)
branch  7 taken 0 (throw)
        1:   52-block  2
call    8 returned 1
call    9 returned 1
branch 10 taken 1 (fallthrough)
branch 11 taken 0 (throw)
        1:   52-block  3
call   12 returned 1
call   13 returned 1
branch 14 taken 1 (fallthrough)
branch 15 taken 0 (throw)
        1:   52-block  4
call   16 returned 1
branch 17 taken 1 (fallthrough)
branch 18 taken 0 (throw)
call   19 returned 1
call   20 returned 1
call   21 returned 1
call   22 returned 1
call   23 returned 1
call   24 returned 1
call   25 returned 1
    $$$$$:   52-block  5
    $$$$$:   52-block  6
    $$$$$:   52-block  7
    $$$$$:   52-block  8
    $$$$$:   52-block  9
    $$$$$:   52-block 10
    $$$$$:   52-block 11
    $$$$$:   52-block 12
        -:   53:
        -:   54:    // Act
        1:   55:    carController.addNewCar("RO123AB", "AAA", "AAA", "AAA");
call    0 returned 1
call    1 returned 1
branch  2 taken 1 (fallthrough)
branch  3 taken 0 (throw)
        1:   55-block  0
call    4 returned 1
call    5 returned 1
branch  6 taken 1 (fallthrough)
branch  7 taken 0 (throw)
        1:   55-block  1
call    8 returned 1
call    9 returned 1
branch 10 taken 1 (fallthrough)
branch 11 taken 0 (throw)
        1:   55-block  2
call   12 returned 1
call   13 returned 1
branch 14 taken 1 (fallthrough)
branch 15 taken 0 (throw)
        1:   55-block  3
call   16 returned 1
branch 17 taken 1 (fallthrough)
branch 18 taken 0 (throw)
        1:   55-block  4
call   19 returned 1
call   20 returned 1
call   21 returned 1
call   22 returned 1
call   23 returned 1
call   24 returned 1
call   25 returned 1
call   26 returned 1
    $$$$$:   55-block  5
call   27 never executed
    $$$$$:   55-block  6
    $$$$$:   55-block  7
call   28 never executed
    $$$$$:   55-block  8
    $$$$$:   55-block  9
call   29 never executed
    $$$$$:   55-block 10
    $$$$$:   55-block 11
call   30 never executed
    $$$$$:   55-block 12
    $$$$$:   55-block 13
call   31 never executed
    $$$$$:   55-block 14
    $$$$$:   55-block 15
call   32 never executed
    $$$$$:   55-block 16
    $$$$$:   55-block 17
call   33 never executed
    $$$$$:   55-block 18
    $$$$$:   55-block 19
call   34 never executed
    $$$$$:   55-block 20
        -:   56:
        -:   57:    try {
       9*:   58:        carController.addNewCar("RO123AB", "AAA", "AAA", "AAA");
call    0 returned 1
call    1 returned 1
branch  2 taken 1 (fallthrough)
branch  3 taken 0 (throw)
        1:   58-block  0
call    4 returned 1
call    5 returned 1
branch  6 taken 1 (fallthrough)
branch  7 taken 0 (throw)
        1:   58-block  1
call    8 returned 1
call    9 returned 1
branch 10 taken 1 (fallthrough)
branch 11 taken 0 (throw)
        1:   58-block  2
call   12 returned 1
call   13 returned 1
branch 14 taken 1 (fallthrough)
branch 15 taken 0 (throw)
        1:   58-block  3
call   16 returned 1
branch 17 taken 0 (fallthrough)
branch 18 taken 1 (throw)
    %%%%%:   58-block  4
call   19 never executed
call   20 never executed
call   21 never executed
call   22 never executed
call   23 never executed
call   24 never executed
call   25 never executed
call   26 never executed
        1:   58-block  5
call   27 returned 1
        1:   58-block  6
        1:   58-block  7
call   28 returned 1
        1:   58-block  8
        1:   58-block  9
call   29 returned 1
        1:   58-block 10
        1:   58-block 11
call   30 returned 1
        1:   58-block 12
        1:   58-block 13
call   31 returned 1
        1:   58-block 14
        1:   58-block 15
call   32 returned 1
        1:   58-block 16
        1:   58-block 17
call   33 returned 1
        1:   58-block 18
        1:   58-block 19
call   34 returned 1
        1:   58-block 20
    #####:   59:        assert(false == true);
call    0 never executed
        1:   60:    } catch (...) {
        1:   60-block  0
        1:   60-block  1
call    0 returned 1
        -:   61:        assert(true == true);
        1:   62:    }
call    0 returned 1
branch  1 taken 1 (fallthrough)
branch  2 taken 0 (throw)
        -:   63:
        -:   64:    // Assert
        1:   65:    assert(car1.compareCars(carController.findCarByRegistrationNumber("RO123AB")));
        1:   65-block  0
call    0 returned 1
call    1 returned 1
branch  2 taken 1 (fallthrough)
branch  3 taken 0 (throw)
        1:   65-block  1
call    4 returned 1
branch  5 taken 1 (fallthrough)
branch  6 taken 0 (throw)
        1:   65-block  2
call    7 returned 1
branch  8 taken 1 (fallthrough)
branch  9 taken 0 (throw)
        1:   65-block  3
branch 10 taken 0 (fallthrough)
branch 11 taken 1
    $$$$$:   65-block  4
call   12 never executed
        1:   65-block  5
call   13 returned 1
call   14 returned 1
call   15 returned 1
    $$$$$:   65-block  6
call   16 never executed
    $$$$$:   65-block  7
    $$$$$:   65-block  8
call   17 never executed
    $$$$$:   65-block  9
    $$$$$:   65-block 10
call   18 never executed
    $$$$$:   65-block 11
        1:   66:}
call    0 returned 1
call    1 returned 1
    $$$$$:   66-block  0
call    2 never executed
    $$$$$:   66-block  1
call    3 never executed
        -:   67:
function _ZN18CarControllerTests33testUpdateCarByRegistrationNumberEv called 1 returned 100% blocks executed 53%
        1:   68:void CarControllerTests::testUpdateCarByRegistrationNumber() {
        -:   69:    // Arrange
        1:   70:    CarRepository carRepository = CarRepository();
        1:   70-block  0
call    0 returned 1
        1:   71:    CarController carController = CarController(carRepository);
call    0 returned 1
branch  1 taken 1 (fallthrough)
branch  2 taken 0 (throw)
        2:   72:    Car car1 = Car("RO123AB", "AAA", "AAA", "AAA");
        1:   72-block  0
call    0 returned 1
call    1 returned 1
branch  2 taken 1 (fallthrough)
branch  3 taken 0 (throw)
        1:   72-block  1
call    4 returned 1
call    5 returned 1
branch  6 taken 1 (fallthrough)
branch  7 taken 0 (throw)
        1:   72-block  2
call    8 returned 1
call    9 returned 1
branch 10 taken 1 (fallthrough)
branch 11 taken 0 (throw)
        1:   72-block  3
call   12 returned 1
call   13 returned 1
branch 14 taken 1 (fallthrough)
branch 15 taken 0 (throw)
        1:   72-block  4
call   16 returned 1
branch 17 taken 1 (fallthrough)
branch 18 taken 0 (throw)
call   19 returned 1
call   20 returned 1
call   21 returned 1
call   22 returned 1
call   23 returned 1
call   24 returned 1
call   25 returned 1
    $$$$$:   72-block  5
    $$$$$:   72-block  6
    $$$$$:   72-block  7
    $$$$$:   72-block  8
    $$$$$:   72-block  9
    $$$$$:   72-block 10
    $$$$$:   72-block 11
    $$$$$:   72-block 12
        2:   73:    Car car2 = Car("RO111BB", "BBB", "BBB", "BBB");
call    0 returned 1
call    1 returned 1
branch  2 taken 1 (fallthrough)
branch  3 taken 0 (throw)
        1:   73-block  0
call    4 returned 1
call    5 returned 1
branch  6 taken 1 (fallthrough)
branch  7 taken 0 (throw)
        1:   73-block  1
call    8 returned 1
call    9 returned 1
branch 10 taken 1 (fallthrough)
branch 11 taken 0 (throw)
        1:   73-block  2
call   12 returned 1
call   13 returned 1
branch 14 taken 1 (fallthrough)
branch 15 taken 0 (throw)
        1:   73-block  3
call   16 returned 1
branch 17 taken 1 (fallthrough)
branch 18 taken 0 (throw)
call   19 returned 1
call   20 returned 1
call   21 returned 1
call   22 returned 1
call   23 returned 1
call   24 returned 1
call   25 returned 1
    $$$$$:   73-block  4
    $$$$$:   73-block  5
    $$$$$:   73-block  6
    $$$$$:   73-block  7
    $$$$$:   73-block  8
    $$$$$:   73-block  9
    $$$$$:   73-block 10
    $$$$$:   73-block 11
        2:   74:    Car car3 = Car("EN123BB", "CCC", "CCC", "CCC");
call    0 returned 1
call    1 returned 1
branch  2 taken 1 (fallthrough)
branch  3 taken 0 (throw)
        1:   74-block  0
call    4 returned 1
call    5 returned 1
branch  6 taken 1 (fallthrough)
branch  7 taken 0 (throw)
        1:   74-block  1
call    8 returned 1
call    9 returned 1
branch 10 taken 1 (fallthrough)
branch 11 taken 0 (throw)
        1:   74-block  2
call   12 returned 1
call   13 returned 1
branch 14 taken 1 (fallthrough)
branch 15 taken 0 (throw)
        1:   74-block  3
call   16 returned 1
branch 17 taken 1 (fallthrough)
branch 18 taken 0 (throw)
call   19 returned 1
call   20 returned 1
call   21 returned 1
call   22 returned 1
call   23 returned 1
call   24 returned 1
call   25 returned 1
    $$$$$:   74-block  4
    $$$$$:   74-block  5
    $$$$$:   74-block  6
    $$$$$:   74-block  7
    $$$$$:   74-block  8
    $$$$$:   74-block  9
    $$$$$:   74-block 10
    $$$$$:   74-block 11
        1:   75:    carController.addNewCar("RO123AB", "AAA", "AAA", "AAA");
call    0 returned 1
call    1 returned 1
branch  2 taken 1 (fallthrough)
branch  3 taken 0 (throw)
        1:   75-block  0
call    4 returned 1
call    5 returned 1
branch  6 taken 1 (fallthrough)
branch  7 taken 0 (throw)
        1:   75-block  1
call    8 returned 1
call    9 returned 1
branch 10 taken 1 (fallthrough)
branch 11 taken 0 (throw)
        1:   75-block  2
call   12 returned 1
call   13 returned 1
branch 14 taken 1 (fallthrough)
branch 15 taken 0 (throw)
        1:   75-block  3
call   16 returned 1
branch 17 taken 1 (fallthrough)
branch 18 taken 0 (throw)
        1:   75-block  4
call   19 returned 1
call   20 returned 1
call   21 returned 1
call   22 returned 1
call   23 returned 1
call   24 returned 1
call   25 returned 1
call   26 returned 1
    $$$$$:   75-block  5
call   27 never executed
    $$$$$:   75-block  6
    $$$$$:   75-block  7
call   28 never executed
    $$$$$:   75-block  8
    $$$$$:   75-block  9
call   29 never executed
    $$$$$:   75-block 10
    $$$$$:   75-block 11
call   30 never executed
    $$$$$:   75-block 12
    $$$$$:   75-block 13
call   31 never executed
    $$$$$:   75-block 14
    $$$$$:   75-block 15
call   32 never executed
    $$$$$:   75-block 16
    $$$$$:   75-block 17
call   33 never executed
    $$$$$:   75-block 18
    $$$$$:   75-block 19
call   34 never executed
    $$$$$:   75-block 20
        1:   76:    carController.addNewCar("RO111BB", "BBB", "BBB", "BBB");
call    0 returned 1
call    1 returned 1
branch  2 taken 1 (fallthrough)
branch  3 taken 0 (throw)
        1:   76-block  0
call    4 returned 1
call    5 returned 1
branch  6 taken 1 (fallthrough)
branch  7 taken 0 (throw)
        1:   76-block  1
call    8 returned 1
call    9 returned 1
branch 10 taken 1 (fallthrough)
branch 11 taken 0 (throw)
        1:   76-block  2
call   12 returned 1
call   13 returned 1
branch 14 taken 1 (fallthrough)
branch 15 taken 0 (throw)
        1:   76-block  3
call   16 returned 1
branch 17 taken 1 (fallthrough)
branch 18 taken 0 (throw)
        1:   76-block  4
call   19 returned 1
call   20 returned 1
call   21 returned 1
call   22 returned 1
call   23 returned 1
call   24 returned 1
call   25 returned 1
call   26 returned 1
    $$$$$:   76-block  5
call   27 never executed
    $$$$$:   76-block  6
    $$$$$:   76-block  7
call   28 never executed
    $$$$$:   76-block  8
    $$$$$:   76-block  9
call   29 never executed
    $$$$$:   76-block 10
    $$$$$:   76-block 11
call   30 never executed
    $$$$$:   76-block 12
    $$$$$:   76-block 13
call   31 never executed
    $$$$$:   76-block 14
    $$$$$:   76-block 15
call   32 never executed
    $$$$$:   76-block 16
    $$$$$:   76-block 17
call   33 never executed
    $$$$$:   76-block 18
    $$$$$:   76-block 19
call   34 never executed
    $$$$$:   76-block 20
        -:   77:
        -:   78:    // Act
        -:   79:    try {
      11*:   80:        carController.updateCarByRegistrationNumber("RO123AB", "RO111BB", "AAA", "AAA", "AAA");
call    0 returned 1
call    1 returned 1
branch  2 taken 1 (fallthrough)
branch  3 taken 0 (throw)
        1:   80-block  0
call    4 returned 1
call    5 returned 1
branch  6 taken 1 (fallthrough)
branch  7 taken 0 (throw)
        1:   80-block  1
call    8 returned 1
call    9 returned 1
branch 10 taken 1 (fallthrough)
branch 11 taken 0 (throw)
        1:   80-block  2
call   12 returned 1
call   13 returned 1
branch 14 taken 1 (fallthrough)
branch 15 taken 0 (throw)
        1:   80-block  3
call   16 returned 1
call   17 returned 1
branch 18 taken 1 (fallthrough)
branch 19 taken 0 (throw)
        1:   80-block  4
call   20 returned 1
branch 21 taken 0 (fallthrough)
branch 22 taken 1 (throw)
    %%%%%:   80-block  5
call   23 never executed
call   24 never executed
call   25 never executed
call   26 never executed
call   27 never executed
call   28 never executed
call   29 never executed
call   30 never executed
call   31 never executed
call   32 never executed
        1:   80-block  6
call   33 returned 1
        1:   80-block  7
        1:   80-block  8
call   34 returned 1
        1:   80-block  9
        1:   80-block 10
call   35 returned 1
        1:   80-block 11
        1:   80-block 12
call   36 returned 1
        1:   80-block 13
        1:   80-block 14
call   37 returned 1
        1:   80-block 15
        1:   80-block 16
call   38 returned 1
        1:   80-block 17
        1:   80-block 18
call   39 returned 1
        1:   80-block 19
        1:   80-block 20
call   40 returned 1
        1:   80-block 21
        1:   80-block 22
call   41 returned 1
        1:   80-block 23
        1:   80-block 24
call   42 returned 1
        1:   80-block 25
    #####:   81:        assert(false == true);
call    0 never executed
        1:   82:    } catch (...) {
        1:   82-block  0
        1:   82-block  1
call    0 returned 1
        -:   83:        assert(true == true);
        1:   84:    }
call    0 returned 1
branch  1 taken 1 (fallthrough)
branch  2 taken 0 (throw)
        -:   85:
        -:   86:    try {
       11:   87:        carController.updateCarByRegistrationNumber("BG123BB", "EN123BB", "CCC", "CCC", "CCC");
        1:   87-block  0
call    0 returned 1
call    1 returned 1
branch  2 taken 1 (fallthrough)
branch  3 taken 0 (throw)
        1:   87-block  1
call    4 returned 1
call    5 returned 1
branch  6 taken 1 (fallthrough)
branch  7 taken 0 (throw)
        1:   87-block  2
call    8 returned 1
call    9 returned 1
branch 10 taken 1 (fallthrough)
branch 11 taken 0 (throw)
        1:   87-block  3
call   12 returned 1
call   13 returned 1
branch 14 taken 1 (fallthrough)
branch 15 taken 0 (throw)
        1:   87-block  4
call   16 returned 1
call   17 returned 1
branch 18 taken 1 (fallthrough)
branch 19 taken 0 (throw)
        1:   87-block  5
call   20 returned 1
branch 21 taken 0 (fallthrough)
branch 22 taken 1 (throw)
    $$$$$:   87-block  6
call   23 never executed
call   24 never executed
call   25 never executed
call   26 never executed
call   27 never executed
call   28 never executed
call   29 never executed
call   30 never executed
call   31 never executed
call   32 never executed
        1:   87-block  7
call   33 returned 1
        1:   87-block  8
        1:   87-block  9
call   34 returned 1
        1:   87-block 10
        1:   87-block 11
call   35 returned 1
        1:   87-block 12
        1:   87-block 13
call   36 returned 1
        1:   87-block 14
        1:   87-block 15
call   37 returned 1
        1:   87-block 16
        1:   87-block 17
call   38 returned 1
        1:   87-block 18
        1:   87-block 19
call   39 returned 1
        1:   87-block 20
        1:   87-block 21
call   40 returned 1
        1:   87-block 22
        1:   87-block 23
call   41 returned 1
        1:   87-block 24
        1:   87-block 25
call   42 returned 1
        1:   87-block 26
    =====:   88:        assert(false == true);
call    0 never executed
        1:   89:    } catch (...) {
        1:   89-block  0
        1:   89-block  1
call    0 returned 1
        -:   90:        assert(true == true);
        1:   91:    }
call    0 returned 1
branch  1 taken 1 (fallthrough)
branch  2 taken 0 (throw)
        -:   92:
        1:   93:    carController.updateCarByRegistrationNumber("RO123AB", "EN123BB", "CCC", "CCC", "CCC");
        1:   93-block  0
call    0 returned 1
call    1 returned 1
branch  2 taken 1 (fallthrough)
branch  3 taken 0 (throw)
        1:   93-block  1
call    4 returned 1
call    5 returned 1
branch  6 taken 1 (fallthrough)
branch  7 taken 0 (throw)
        1:   93-block  2
call    8 returned 1
call    9 returned 1
branch 10 taken 1 (fallthrough)
branch 11 taken 0 (throw)
        1:   93-block  3
call   12 returned 1
call   13 returned 1
branch 14 taken 1 (fallthrough)
branch 15 taken 0 (throw)
        1:   93-block  4
call   16 returned 1
call   17 returned 1
branch 18 taken 1 (fallthrough)
branch 19 taken 0 (throw)
        1:   93-block  5
call   20 returned 1
branch 21 taken 1 (fallthrough)
branch 22 taken 0 (throw)
        1:   93-block  6
call   23 returned 1
call   24 returned 1
call   25 returned 1
call   26 returned 1
call   27 returned 1
call   28 returned 1
call   29 returned 1
call   30 returned 1
call   31 returned 1
call   32 returned 1
    $$$$$:   93-block  7
call   33 never executed
    $$$$$:   93-block  8
    $$$$$:   93-block  9
call   34 never executed
    $$$$$:   93-block 10
    $$$$$:   93-block 11
call   35 never executed
    $$$$$:   93-block 12
    $$$$$:   93-block 13
call   36 never executed
    $$$$$:   93-block 14
    $$$$$:   93-block 15
call   37 never executed
    $$$$$:   93-block 16
    $$$$$:   93-block 17
call   38 never executed
    $$$$$:   93-block 18
    $$$$$:   93-block 19
call   39 never executed
    $$$$$:   93-block 20
    $$$$$:   93-block 21
call   40 never executed
    $$$$$:   93-block 22
    $$$$$:   93-block 23
call   41 never executed
    $$$$$:   93-block 24
    $$$$$:   93-block 25
call   42 never executed
    $$$$$:   93-block 26
        -:   94:    // Assert
        1:   95:    assert(car3.compareCars(carController.findCarByRegistrationNumber("EN123BB")));
call    0 returned 1
call    1 returned 1
branch  2 taken 1 (fallthrough)
branch  3 taken 0 (throw)
        1:   95-block  0
call    4 returned 1
branch  5 taken 1 (fallthrough)
branch  6 taken 0 (throw)
        1:   95-block  1
call    7 returned 1
branch  8 taken 1 (fallthrough)
branch  9 taken 0 (throw)
        1:   95-block  2
branch 10 taken 0 (fallthrough)
branch 11 taken 1
    $$$$$:   95-block  3
call   12 never executed
        1:   95-block  4
call   13 returned 1
call   14 returned 1
call   15 returned 1
    $$$$$:   95-block  5
call   16 never executed
    $$$$$:   95-block  6
    $$$$$:   95-block  7
call   17 never executed
    $$$$$:   95-block  8
    $$$$$:   95-block  9
call   18 never executed
    $$$$$:   95-block 10
        1:   96:    assert(car2.compareCars(carController.findCarByRegistrationNumber("RO111BB")));
call    0 returned 1
call    1 returned 1
branch  2 taken 1 (fallthrough)
branch  3 taken 0 (throw)
        1:   96-block  0
call    4 returned 1
branch  5 taken 1 (fallthrough)
branch  6 taken 0 (throw)
        1:   96-block  1
call    7 returned 1
branch  8 taken 1 (fallthrough)
branch  9 taken 0 (throw)
        1:   96-block  2
branch 10 taken 0 (fallthrough)
branch 11 taken 1
    $$$$$:   96-block  3
call   12 never executed
        1:   96-block  4
call   13 returned 1
call   14 returned 1
call   15 returned 1
    $$$$$:   96-block  5
call   16 never executed
    $$$$$:   96-block  6
    $$$$$:   96-block  7
call   17 never executed
    $$$$$:   96-block  8
    $$$$$:   96-block  9
call   18 never executed
    $$$$$:   96-block 10
        -:   97:    try {
        3:   98:        carController.findCarByRegistrationNumber("RO123AB");
call    0 returned 1
call    1 returned 1
branch  2 taken 1 (fallthrough)
branch  3 taken 0 (throw)
        1:   98-block  0
call    4 returned 1
branch  5 taken 0 (fallthrough)
branch  6 taken 1 (throw)
    $$$$$:   98-block  1
call    7 never executed
call    8 never executed
call    9 never executed
        1:   98-block  2
call   10 returned 1
        1:   98-block  3
        1:   98-block  4
call   11 returned 1
        1:   98-block  5
    =====:   99:        assert(false == true);
call    0 never executed
        1:  100:    } catch (...) {
        1:  100-block  0
        1:  100-block  1
call    0 returned 1
        -:  101:        assert(true == true);
        1:  102:    }
call    0 returned 1
branch  1 taken 1 (fallthrough)
branch  2 taken 0 (throw)
        1:  103:}
        1:  103-block  0
call    0 returned 1
call    1 returned 1
call    2 returned 1
call    3 returned 1
    $$$$$:  103-block  1
call    4 never executed
    $$$$$:  103-block  2
call    5 never executed
    $$$$$:  103-block  3
call    6 never executed
    $$$$$:  103-block  4
call    7 never executed
        -:  104:
function _ZN18CarControllerTests33testDeleteCarByRegistrationNumberEv called 1 returned 100% blocks executed 47%
        1:  105:void CarControllerTests::testDeleteCarByRegistrationNumber() {
        -:  106:    // Arrange
        1:  107:    CarRepository carRepository = CarRepository();
        1:  107-block  0
call    0 returned 1
        1:  108:    CarController carController = CarController(carRepository);
call    0 returned 1
branch  1 taken 1 (fallthrough)
branch  2 taken 0 (throw)
        2:  109:    Car car1 = Car("RO123AB", "AAA", "AAA", "AAA");
        1:  109-block  0
call    0 returned 1
call    1 returned 1
branch  2 taken 1 (fallthrough)
branch  3 taken 0 (throw)
        1:  109-block  1
call    4 returned 1
call    5 returned 1
branch  6 taken 1 (fallthrough)
branch  7 taken 0 (throw)
        1:  109-block  2
call    8 returned 1
call    9 returned 1
branch 10 taken 1 (fallthrough)
branch 11 taken 0 (throw)
        1:  109-block  3
call   12 returned 1
call   13 returned 1
branch 14 taken 1 (fallthrough)
branch 15 taken 0 (throw)
        1:  109-block  4
call   16 returned 1
branch 17 taken 1 (fallthrough)
branch 18 taken 0 (throw)
call   19 returned 1
call   20 returned 1
call   21 returned 1
call   22 returned 1
call   23 returned 1
call   24 returned 1
call   25 returned 1
    $$$$$:  109-block  5
    $$$$$:  109-block  6
    $$$$$:  109-block  7
    $$$$$:  109-block  8
    $$$$$:  109-block  9
    $$$$$:  109-block 10
    $$$$$:  109-block 11
    $$$$$:  109-block 12
        2:  110:    Car car2 = Car("RO111BB", "BBB", "BBB", "BBB");
call    0 returned 1
call    1 returned 1
branch  2 taken 1 (fallthrough)
branch  3 taken 0 (throw)
        1:  110-block  0
call    4 returned 1
call    5 returned 1
branch  6 taken 1 (fallthrough)
branch  7 taken 0 (throw)
        1:  110-block  1
call    8 returned 1
call    9 returned 1
branch 10 taken 1 (fallthrough)
branch 11 taken 0 (throw)
        1:  110-block  2
call   12 returned 1
call   13 returned 1
branch 14 taken 1 (fallthrough)
branch 15 taken 0 (throw)
        1:  110-block  3
call   16 returned 1
branch 17 taken 1 (fallthrough)
branch 18 taken 0 (throw)
call   19 returned 1
call   20 returned 1
call   21 returned 1
call   22 returned 1
call   23 returned 1
call   24 returned 1
call   25 returned 1
    $$$$$:  110-block  4
    $$$$$:  110-block  5
    $$$$$:  110-block  6
    $$$$$:  110-block  7
    $$$$$:  110-block  8
    $$$$$:  110-block  9
    $$$$$:  110-block 10
    $$$$$:  110-block 11
        1:  111:    carController.addNewCar("RO123AB", "AAA", "AAA", "AAA");
call    0 returned 1
call    1 returned 1
branch  2 taken 1 (fallthrough)
branch  3 taken 0 (throw)
        1:  111-block  0
call    4 returned 1
call    5 returned 1
branch  6 taken 1 (fallthrough)
branch  7 taken 0 (throw)
        1:  111-block  1
call    8 returned 1
call    9 returned 1
branch 10 taken 1 (fallthrough)
branch 11 taken 0 (throw)
        1:  111-block  2
call   12 returned 1
call   13 returned 1
branch 14 taken 1 (fallthrough)
branch 15 taken 0 (throw)
        1:  111-block  3
call   16 returned 1
branch 17 taken 1 (fallthrough)
branch 18 taken 0 (throw)
        1:  111-block  4
call   19 returned 1
call   20 returned 1
call   21 returned 1
call   22 returned 1
call   23 returned 1
call   24 returned 1
call   25 returned 1
call   26 returned 1
    $$$$$:  111-block  5
call   27 never executed
    $$$$$:  111-block  6
    $$$$$:  111-block  7
call   28 never executed
    $$$$$:  111-block  8
    $$$$$:  111-block  9
call   29 never executed
    $$$$$:  111-block 10
    $$$$$:  111-block 11
call   30 never executed
    $$$$$:  111-block 12
    $$$$$:  111-block 13
call   31 never executed
    $$$$$:  111-block 14
    $$$$$:  111-block 15
call   32 never executed
    $$$$$:  111-block 16
    $$$$$:  111-block 17
call   33 never executed
    $$$$$:  111-block 18
    $$$$$:  111-block 19
call   34 never executed
    $$$$$:  111-block 20
        1:  112:    carController.addNewCar("RO111BB", "BBB", "BBB", "BBB");
call    0 returned 1
call    1 returned 1
branch  2 taken 1 (fallthrough)
branch  3 taken 0 (throw)
        1:  112-block  0
call    4 returned 1
call    5 returned 1
branch  6 taken 1 (fallthrough)
branch  7 taken 0 (throw)
        1:  112-block  1
call    8 returned 1
call    9 returned 1
branch 10 taken 1 (fallthrough)
branch 11 taken 0 (throw)
        1:  112-block  2
call   12 returned 1
call   13 returned 1
branch 14 taken 1 (fallthrough)
branch 15 taken 0 (throw)
        1:  112-block  3
call   16 returned 1
branch 17 taken 1 (fallthrough)
branch 18 taken 0 (throw)
        1:  112-block  4
call   19 returned 1
call   20 returned 1
call   21 returned 1
call   22 returned 1
call   23 returned 1
call   24 returned 1
call   25 returned 1
call   26 returned 1
    $$$$$:  112-block  5
call   27 never executed
    $$$$$:  112-block  6
    $$$$$:  112-block  7
call   28 never executed
    $$$$$:  112-block  8
    $$$$$:  112-block  9
call   29 never executed
    $$$$$:  112-block 10
    $$$$$:  112-block 11
call   30 never executed
    $$$$$:  112-block 12
    $$$$$:  112-block 13
call   31 never executed
    $$$$$:  112-block 14
    $$$$$:  112-block 15
call   32 never executed
    $$$$$:  112-block 16
    $$$$$:  112-block 17
call   33 never executed
    $$$$$:  112-block 18
    $$$$$:  112-block 19
call   34 never executed
    $$$$$:  112-block 20
        -:  113:
        -:  114:    // Act
        -:  115:    try {
       3*:  116:        carController.deleteCarByRegistrationNumber("EN123AB");
call    0 returned 1
call    1 returned 1
branch  2 taken 1 (fallthrough)
branch  3 taken 0 (throw)
        1:  116-block  0
call    4 returned 1
branch  5 taken 0 (fallthrough)
branch  6 taken 1 (throw)
    %%%%%:  116-block  1
call    7 never executed
call    8 never executed
        1:  116-block  2
call    9 returned 1
        1:  116-block  3
        1:  116-block  4
call   10 returned 1
        1:  116-block  5
    #####:  117:        assert(false == true);
call    0 never executed
        1:  118:    } catch (...) {
        1:  118-block  0
        1:  118-block  1
call    0 returned 1
        -:  119:        assert(true == true);
        1:  120:    }
call    0 returned 1
branch  1 taken 1 (fallthrough)
branch  2 taken 0 (throw)
        -:  121:
        1:  122:    carController.deleteCarByRegistrationNumber("RO123AB");
        1:  122-block  0
call    0 returned 1
call    1 returned 1
branch  2 taken 1 (fallthrough)
branch  3 taken 0 (throw)
        1:  122-block  1
call    4 returned 1
branch  5 taken 1 (fallthrough)
branch  6 taken 0 (throw)
        1:  122-block  2
call    7 returned 1
call    8 returned 1
    $$$$$:  122-block  3
call    9 never executed
    $$$$$:  122-block  4
    $$$$$:  122-block  5
call   10 never executed
    $$$$$:  122-block  6
        -:  123:
        -:  124:    // Assert
        1:  125:    assert(car2.compareCars(carController.findCarByRegistrationNumber("RO111BB")));
call    0 returned 1
call    1 returned 1
branch  2 taken 1 (fallthrough)
branch  3 taken 0 (throw)
        1:  125-block  0
call    4 returned 1
branch  5 taken 1 (fallthrough)
branch  6 taken 0 (throw)
        1:  125-block  1
call    7 returned 1
branch  8 taken 1 (fallthrough)
branch  9 taken 0 (throw)
        1:  125-block  2
branch 10 taken 0 (fallthrough)
branch 11 taken 1
    $$$$$:  125-block  3
call   12 never executed
        1:  125-block  4
call   13 returned 1
call   14 returned 1
call   15 returned 1
    $$$$$:  125-block  5
call   16 never executed
    $$$$$:  125-block  6
    $$$$$:  125-block  7
call   17 never executed
    $$$$$:  125-block  8
    $$$$$:  125-block  9
call   18 never executed
    $$$$$:  125-block 10
        -:  126:    try {
        3:  127:        carController.findCarByRegistrationNumber("RO123AB");
call    0 returned 1
call    1 returned 1
branch  2 taken 1 (fallthrough)
branch  3 taken 0 (throw)
        1:  127-block  0
call    4 returned 1
branch  5 taken 0 (fallthrough)
branch  6 taken 1 (throw)
    $$$$$:  127-block  1
call    7 never executed
call    8 never executed
call    9 never executed
        1:  127-block  2
call   10 returned 1
        1:  127-block  3
        1:  127-block  4
call   11 returned 1
        1:  127-block  5
    =====:  128:        assert(false == true);
call    0 never executed
        1:  129:    } catch (...) {
        1:  129-block  0
        1:  129-block  1
call    0 returned 1
        -:  130:        assert(true == true);
        1:  131:    }
call    0 returned 1
branch  1 taken 1 (fallthrough)
branch  2 taken 0 (throw)
        1:  132:}
        1:  132-block  0
call    0 returned 1
call    1 returned 1
call    2 returned 1
    $$$$$:  132-block  1
call    3 never executed
    $$$$$:  132-block  2
call    4 never executed
    $$$$$:  132-block  3
call    5 never executed
        -:  133:
function _ZN18CarControllerTests10testFilterEv called 1 returned 100% blocks executed 43%
        1:  134:void CarControllerTests::testFilter() {
        -:  135:    // Arrange
        1:  136:    CarRepository carRepository = CarRepository();
        1:  136-block  0
call    0 returned 1
        1:  137:    CarController carController = CarController(carRepository);
call    0 returned 1
branch  1 taken 1 (fallthrough)
branch  2 taken 0 (throw)
        2:  138:    Car car1 = Car("RO123AB", "AAA", "AAA", "AAA");
        1:  138-block  0
call    0 returned 1
call    1 returned 1
branch  2 taken 1 (fallthrough)
branch  3 taken 0 (throw)
        1:  138-block  1
call    4 returned 1
call    5 returned 1
branch  6 taken 1 (fallthrough)
branch  7 taken 0 (throw)
        1:  138-block  2
call    8 returned 1
call    9 returned 1
branch 10 taken 1 (fallthrough)
branch 11 taken 0 (throw)
        1:  138-block  3
call   12 returned 1
call   13 returned 1
branch 14 taken 1 (fallthrough)
branch 15 taken 0 (throw)
        1:  138-block  4
call   16 returned 1
branch 17 taken 1 (fallthrough)
branch 18 taken 0 (throw)
call   19 returned 1
call   20 returned 1
call   21 returned 1
call   22 returned 1
call   23 returned 1
call   24 returned 1
call   25 returned 1
    $$$$$:  138-block  5
    $$$$$:  138-block  6
    $$$$$:  138-block  7
    $$$$$:  138-block  8
    $$$$$:  138-block  9
    $$$$$:  138-block 10
    $$$$$:  138-block 11
    $$$$$:  138-block 12
        2:  139:    Car car2 = Car("RO111BB", "BBB", "BBB", "BBB");
call    0 returned 1
call    1 returned 1
branch  2 taken 1 (fallthrough)
branch  3 taken 0 (throw)
        1:  139-block  0
call    4 returned 1
call    5 returned 1
branch  6 taken 1 (fallthrough)
branch  7 taken 0 (throw)
        1:  139-block  1
call    8 returned 1
call    9 returned 1
branch 10 taken 1 (fallthrough)
branch 11 taken 0 (throw)
        1:  139-block  2
call   12 returned 1
call   13 returned 1
branch 14 taken 1 (fallthrough)
branch 15 taken 0 (throw)
        1:  139-block  3
call   16 returned 1
branch 17 taken 1 (fallthrough)
branch 18 taken 0 (throw)
call   19 returned 1
call   20 returned 1
call   21 returned 1
call   22 returned 1
call   23 returned 1
call   24 returned 1
call   25 returned 1
    $$$$$:  139-block  4
    $$$$$:  139-block  5
    $$$$$:  139-block  6
    $$$$$:  139-block  7
    $$$$$:  139-block  8
    $$$$$:  139-block  9
    $$$$$:  139-block 10
    $$$$$:  139-block 11
        2:  140:    Car car3 = Car("EN123BB", "CCC", "CCC", "CCC");
call    0 returned 1
call    1 returned 1
branch  2 taken 1 (fallthrough)
branch  3 taken 0 (throw)
        1:  140-block  0
call    4 returned 1
call    5 returned 1
branch  6 taken 1 (fallthrough)
branch  7 taken 0 (throw)
        1:  140-block  1
call    8 returned 1
call    9 returned 1
branch 10 taken 1 (fallthrough)
branch 11 taken 0 (throw)
        1:  140-block  2
call   12 returned 1
call   13 returned 1
branch 14 taken 1 (fallthrough)
branch 15 taken 0 (throw)
        1:  140-block  3
call   16 returned 1
branch 17 taken 1 (fallthrough)
branch 18 taken 0 (throw)
call   19 returned 1
call   20 returned 1
call   21 returned 1
call   22 returned 1
call   23 returned 1
call   24 returned 1
call   25 returned 1
    $$$$$:  140-block  4
    $$$$$:  140-block  5
    $$$$$:  140-block  6
    $$$$$:  140-block  7
    $$$$$:  140-block  8
    $$$$$:  140-block  9
    $$$$$:  140-block 10
    $$$$$:  140-block 11
        1:  141:    carController.addNewCar("RO123AB", "AAA", "AAA", "AAA");
call    0 returned 1
call    1 returned 1
branch  2 taken 1 (fallthrough)
branch  3 taken 0 (throw)
        1:  141-block  0
call    4 returned 1
call    5 returned 1
branch  6 taken 1 (fallthrough)
branch  7 taken 0 (throw)
        1:  141-block  1
call    8 returned 1
call    9 returned 1
branch 10 taken 1 (fallthrough)
branch 11 taken 0 (throw)
        1:  141-block  2
call   12 returned 1
call   13 returned 1
branch 14 taken 1 (fallthrough)
branch 15 taken 0 (throw)
        1:  141-block  3
call   16 returned 1
branch 17 taken 1 (fallthrough)
branch 18 taken 0 (throw)
        1:  141-block  4
call   19 returned 1
call   20 returned 1
call   21 returned 1
call   22 returned 1
call   23 returned 1
call   24 returned 1
call   25 returned 1
call   26 returned 1
    $$$$$:  141-block  5
call   27 never executed
    $$$$$:  141-block  6
    $$$$$:  141-block  7
call   28 never executed
    $$$$$:  141-block  8
    $$$$$:  141-block  9
call   29 never executed
    $$$$$:  141-block 10
    $$$$$:  141-block 11
call   30 never executed
    $$$$$:  141-block 12
    $$$$$:  141-block 13
call   31 never executed
    $$$$$:  141-block 14
    $$$$$:  141-block 15
call   32 never executed
    $$$$$:  141-block 16
    $$$$$:  141-block 17
call   33 never executed
    $$$$$:  141-block 18
    $$$$$:  141-block 19
call   34 never executed
    $$$$$:  141-block 20
        1:  142:    carController.addNewCar("RO111BB", "BBB", "BBB", "BBB");
call    0 returned 1
call    1 returned 1
branch  2 taken 1 (fallthrough)
branch  3 taken 0 (throw)
        1:  142-block  0
call    4 returned 1
call    5 returned 1
branch  6 taken 1 (fallthrough)
branch  7 taken 0 (throw)
        1:  142-block  1
call    8 returned 1
call    9 returned 1
branch 10 taken 1 (fallthrough)
branch 11 taken 0 (throw)
        1:  142-block  2
call   12 returned 1
call   13 returned 1
branch 14 taken 1 (fallthrough)
branch 15 taken 0 (throw)
        1:  142-block  3
call   16 returned 1
branch 17 taken 1 (fallthrough)
branch 18 taken 0 (throw)
        1:  142-block  4
call   19 returned 1
call   20 returned 1
call   21 returned 1
call   22 returned 1
call   23 returned 1
call   24 returned 1
call   25 returned 1
call   26 returned 1
    $$$$$:  142-block  5
call   27 never executed
    $$$$$:  142-block  6
    $$$$$:  142-block  7
call   28 never executed
    $$$$$:  142-block  8
    $$$$$:  142-block  9
call   29 never executed
    $$$$$:  142-block 10
    $$$$$:  142-block 11
call   30 never executed
    $$$$$:  142-block 12
    $$$$$:  142-block 13
call   31 never executed
    $$$$$:  142-block 14
    $$$$$:  142-block 15
call   32 never executed
    $$$$$:  142-block 16
    $$$$$:  142-block 17
call   33 never executed
    $$$$$:  142-block 18
    $$$$$:  142-block 19
call   34 never executed
    $$$$$:  142-block 20
        -:  143:
        -:  144:    // Act
        2:  145:    std::vector<Car> actual = carController.filter("AAA", filterByProducer);
call    0 returned 1
call    1 returned 1
branch  2 taken 1 (fallthrough)
branch  3 taken 0 (throw)
        1:  145-block  0
call    4 returned 1
branch  5 taken 1 (fallthrough)
branch  6 taken 0 (throw)
call    7 returned 1
    $$$$$:  145-block  1
    $$$$$:  145-block  2
        -:  146:
        -:  147:    // Assert
       1*:  148:    assert(actual.size() == 1);
call    0 returned 1
branch  1 taken 0 (fallthrough)
branch  2 taken 1
    %%%%%:  148-block  0
call    3 never executed
       1*:  149:    assert(actual.at(0).getRegistrationNumber() == car1.getRegistrationNumber());
        1:  149-block  0
call    0 returned 1
branch  1 taken 1 (fallthrough)
branch  2 taken 0 (throw)
        1:  149-block  1
call    3 returned 1
branch  4 taken 1 (fallthrough)
branch  5 taken 0 (throw)
        1:  149-block  2
call    6 returned 1
branch  7 taken 1 (fallthrough)
branch  8 taken 0 (throw)
        1:  149-block  3
call    9 returned 1
branch 10 taken 0 (fallthrough)
branch 11 taken 1
    %%%%%:  149-block  4
call   12 never executed
        1:  149-block  5
call   13 returned 1
call   14 returned 1
    $$$$$:  149-block  6
call   15 never executed
    $$$$$:  149-block  7
        1:  150:}
call    0 returned 1
call    1 returned 1
call    2 returned 1
call    3 returned 1
call    4 returned 1
    $$$$$:  150-block  0
call    5 never executed
    $$$$$:  150-block  1
call    6 never executed
    $$$$$:  150-block  2
call    7 never executed
    $$$$$:  150-block  3
call    8 never executed
    $$$$$:  150-block  4
call    9 never executed
        -:  151:
function _ZN18CarControllerTests8testSortEv called 1 returned 100% blocks executed 45%
        1:  152:void CarControllerTests::testSort() {
        -:  153:    // Arrange
        1:  154:    CarRepository carRepository = CarRepository();
        1:  154-block  0
call    0 returned 1
        1:  155:    CarController carController = CarController(carRepository);
call    0 returned 1
branch  1 taken 1 (fallthrough)
branch  2 taken 0 (throw)
        2:  156:    Car car1 = Car("RO123AB", "AAA", "AAA", "AAA");
        1:  156-block  0
call    0 returned 1
call    1 returned 1
branch  2 taken 1 (fallthrough)
branch  3 taken 0 (throw)
        1:  156-block  1
call    4 returned 1
call    5 returned 1
branch  6 taken 1 (fallthrough)
branch  7 taken 0 (throw)
        1:  156-block  2
call    8 returned 1
call    9 returned 1
branch 10 taken 1 (fallthrough)
branch 11 taken 0 (throw)
        1:  156-block  3
call   12 returned 1
call   13 returned 1
branch 14 taken 1 (fallthrough)
branch 15 taken 0 (throw)
        1:  156-block  4
call   16 returned 1
branch 17 taken 1 (fallthrough)
branch 18 taken 0 (throw)
call   19 returned 1
call   20 returned 1
call   21 returned 1
call   22 returned 1
call   23 returned 1
call   24 returned 1
call   25 returned 1
    $$$$$:  156-block  5
    $$$$$:  156-block  6
    $$$$$:  156-block  7
    $$$$$:  156-block  8
    $$$$$:  156-block  9
    $$$$$:  156-block 10
    $$$$$:  156-block 11
    $$$$$:  156-block 12
        2:  157:    Car car2 = Car("RO111BB", "BBB", "BBB", "BBB");
call    0 returned 1
call    1 returned 1
branch  2 taken 1 (fallthrough)
branch  3 taken 0 (throw)
        1:  157-block  0
call    4 returned 1
call    5 returned 1
branch  6 taken 1 (fallthrough)
branch  7 taken 0 (throw)
        1:  157-block  1
call    8 returned 1
call    9 returned 1
branch 10 taken 1 (fallthrough)
branch 11 taken 0 (throw)
        1:  157-block  2
call   12 returned 1
call   13 returned 1
branch 14 taken 1 (fallthrough)
branch 15 taken 0 (throw)
        1:  157-block  3
call   16 returned 1
branch 17 taken 1 (fallthrough)
branch 18 taken 0 (throw)
call   19 returned 1
call   20 returned 1
call   21 returned 1
call   22 returned 1
call   23 returned 1
call   24 returned 1
call   25 returned 1
    $$$$$:  157-block  4
    $$$$$:  157-block  5
    $$$$$:  157-block  6
    $$$$$:  157-block  7
    $$$$$:  157-block  8
    $$$$$:  157-block  9
    $$$$$:  157-block 10
    $$$$$:  157-block 11
        2:  158:    Car car3 = Car("EN123BB", "CCC", "CCC", "CCC");
call    0 returned 1
call    1 returned 1
branch  2 taken 1 (fallthrough)
branch  3 taken 0 (throw)
        1:  158-block  0
call    4 returned 1
call    5 returned 1
branch  6 taken 1 (fallthrough)
branch  7 taken 0 (throw)
        1:  158-block  1
call    8 returned 1
call    9 returned 1
branch 10 taken 1 (fallthrough)
branch 11 taken 0 (throw)
        1:  158-block  2
call   12 returned 1
call   13 returned 1
branch 14 taken 1 (fallthrough)
branch 15 taken 0 (throw)
        1:  158-block  3
call   16 returned 1
branch 17 taken 1 (fallthrough)
branch 18 taken 0 (throw)
call   19 returned 1
call   20 returned 1
call   21 returned 1
call   22 returned 1
call   23 returned 1
call   24 returned 1
call   25 returned 1
    $$$$$:  158-block  4
    $$$$$:  158-block  5
    $$$$$:  158-block  6
    $$$$$:  158-block  7
    $$$$$:  158-block  8
    $$$$$:  158-block  9
    $$$$$:  158-block 10
    $$$$$:  158-block 11
        1:  159:    carController.addNewCar("RO123AB", "AAA", "AAA", "AAA");
call    0 returned 1
call    1 returned 1
branch  2 taken 1 (fallthrough)
branch  3 taken 0 (throw)
        1:  159-block  0
call    4 returned 1
call    5 returned 1
branch  6 taken 1 (fallthrough)
branch  7 taken 0 (throw)
        1:  159-block  1
call    8 returned 1
call    9 returned 1
branch 10 taken 1 (fallthrough)
branch 11 taken 0 (throw)
        1:  159-block  2
call   12 returned 1
call   13 returned 1
branch 14 taken 1 (fallthrough)
branch 15 taken 0 (throw)
        1:  159-block  3
call   16 returned 1
branch 17 taken 1 (fallthrough)
branch 18 taken 0 (throw)
        1:  159-block  4
call   19 returned 1
call   20 returned 1
call   21 returned 1
call   22 returned 1
call   23 returned 1
call   24 returned 1
call   25 returned 1
call   26 returned 1
    $$$$$:  159-block  5
call   27 never executed
    $$$$$:  159-block  6
    $$$$$:  159-block  7
call   28 never executed
    $$$$$:  159-block  8
    $$$$$:  159-block  9
call   29 never executed
    $$$$$:  159-block 10
    $$$$$:  159-block 11
call   30 never executed
    $$$$$:  159-block 12
    $$$$$:  159-block 13
call   31 never executed
    $$$$$:  159-block 14
    $$$$$:  159-block 15
call   32 never executed
    $$$$$:  159-block 16
    $$$$$:  159-block 17
call   33 never executed
    $$$$$:  159-block 18
    $$$$$:  159-block 19
call   34 never executed
    $$$$$:  159-block 20
        1:  160:    carController.addNewCar("RO111BB", "BBB", "BBB", "BBB");
call    0 returned 1
call    1 returned 1
branch  2 taken 1 (fallthrough)
branch  3 taken 0 (throw)
        1:  160-block  0
call    4 returned 1
call    5 returned 1
branch  6 taken 1 (fallthrough)
branch  7 taken 0 (throw)
        1:  160-block  1
call    8 returned 1
call    9 returned 1
branch 10 taken 1 (fallthrough)
branch 11 taken 0 (throw)
        1:  160-block  2
call   12 returned 1
call   13 returned 1
branch 14 taken 1 (fallthrough)
branch 15 taken 0 (throw)
        1:  160-block  3
call   16 returned 1
branch 17 taken 1 (fallthrough)
branch 18 taken 0 (throw)
        1:  160-block  4
call   19 returned 1
call   20 returned 1
call   21 returned 1
call   22 returned 1
call   23 returned 1
call   24 returned 1
call   25 returned 1
call   26 returned 1
    $$$$$:  160-block  5
call   27 never executed
    $$$$$:  160-block  6
    $$$$$:  160-block  7
call   28 never executed
    $$$$$:  160-block  8
    $$$$$:  160-block  9
call   29 never executed
    $$$$$:  160-block 10
    $$$$$:  160-block 11
call   30 never executed
    $$$$$:  160-block 12
    $$$$$:  160-block 13
call   31 never executed
    $$$$$:  160-block 14
    $$$$$:  160-block 15
call   32 never executed
    $$$$$:  160-block 16
    $$$$$:  160-block 17
call   33 never executed
    $$$$$:  160-block 18
    $$$$$:  160-block 19
call   34 never executed
    $$$$$:  160-block 20
        1:  161:    carController.addNewCar("EN123BB", "CCC", "CCC", "CCC");
call    0 returned 1
call    1 returned 1
branch  2 taken 1 (fallthrough)
branch  3 taken 0 (throw)
        1:  161-block  0
call    4 returned 1
call    5 returned 1
branch  6 taken 1 (fallthrough)
branch  7 taken 0 (throw)
        1:  161-block  1
call    8 returned 1
call    9 returned 1
branch 10 taken 1 (fallthrough)
branch 11 taken 0 (throw)
        1:  161-block  2
call   12 returned 1
call   13 returned 1
branch 14 taken 1 (fallthrough)
branch 15 taken 0 (throw)
        1:  161-block  3
call   16 returned 1
branch 17 taken 1 (fallthrough)
branch 18 taken 0 (throw)
        1:  161-block  4
call   19 returned 1
call   20 returned 1
call   21 returned 1
call   22 returned 1
call   23 returned 1
call   24 returned 1
call   25 returned 1
call   26 returned 1
    $$$$$:  161-block  5
call   27 never executed
    $$$$$:  161-block  6
    $$$$$:  161-block  7
call   28 never executed
    $$$$$:  161-block  8
    $$$$$:  161-block  9
call   29 never executed
    $$$$$:  161-block 10
    $$$$$:  161-block 11
call   30 never executed
    $$$$$:  161-block 12
    $$$$$:  161-block 13
call   31 never executed
    $$$$$:  161-block 14
    $$$$$:  161-block 15
call   32 never executed
    $$$$$:  161-block 16
    $$$$$:  161-block 17
call   33 never executed
    $$$$$:  161-block 18
    $$$$$:  161-block 19
call   34 never executed
    $$$$$:  161-block 20
        -:  162:
        -:  163:    // Act
        2:  164:    std::vector<Car> actual = carController.sort(carController.getAllCars(), "ASC", sortCarsByRegistrationNumber);
call    0 returned 1
call    1 returned 1
branch  2 taken 1 (fallthrough)
branch  3 taken 0 (throw)
        1:  164-block  0
call    4 returned 1
branch  5 taken 1 (fallthrough)
branch  6 taken 0 (throw)
        1:  164-block  1
call    7 returned 1
branch  8 taken 1 (fallthrough)
branch  9 taken 0 (throw)
call   10 returned 1
    $$$$$:  164-block  2
    $$$$$:  164-block  3
        -:  165:
        -:  166:    // Assert
       1*:  167:    assert(actual.at(0).getRegistrationNumber() == car3.getRegistrationNumber());
call    0 returned 1
branch  1 taken 1 (fallthrough)
branch  2 taken 0 (throw)
        1:  167-block  0
call    3 returned 1
branch  4 taken 1 (fallthrough)
branch  5 taken 0 (throw)
        1:  167-block  1
call    6 returned 1
branch  7 taken 1 (fallthrough)
branch  8 taken 0 (throw)
        1:  167-block  2
call    9 returned 1
branch 10 taken 0 (fallthrough)
branch 11 taken 1
    %%%%%:  167-block  3
call   12 never executed
        1:  167-block  4
call   13 returned 1
call   14 returned 1
    $$$$$:  167-block  5
call   15 never executed
    $$$$$:  167-block  6
       1*:  168:    assert(actual.at(1).getRegistrationNumber() == car2.getRegistrationNumber());
call    0 returned 1
branch  1 taken 1 (fallthrough)
branch  2 taken 0 (throw)
        1:  168-block  0
call    3 returned 1
branch  4 taken 1 (fallthrough)
branch  5 taken 0 (throw)
        1:  168-block  1
call    6 returned 1
branch  7 taken 1 (fallthrough)
branch  8 taken 0 (throw)
        1:  168-block  2
call    9 returned 1
branch 10 taken 0 (fallthrough)
branch 11 taken 1
    %%%%%:  168-block  3
call   12 never executed
        1:  168-block  4
call   13 returned 1
call   14 returned 1
    $$$$$:  168-block  5
call   15 never executed
    $$$$$:  168-block  6
       1*:  169:    assert(actual.at(2).getRegistrationNumber() == car1.getRegistrationNumber());
call    0 returned 1
branch  1 taken 1 (fallthrough)
branch  2 taken 0 (throw)
        1:  169-block  0
call    3 returned 1
branch  4 taken 1 (fallthrough)
branch  5 taken 0 (throw)
        1:  169-block  1
call    6 returned 1
branch  7 taken 1 (fallthrough)
branch  8 taken 0 (throw)
        1:  169-block  2
call    9 returned 1
branch 10 taken 0 (fallthrough)
branch 11 taken 1
    %%%%%:  169-block  3
call   12 never executed
        1:  169-block  4
call   13 returned 1
call   14 returned 1
    $$$$$:  169-block  5
call   15 never executed
    $$$$$:  169-block  6
        -:  170:
        1:  171:}
call    0 returned 1
call    1 returned 1
call    2 returned 1
call    3 returned 1
call    4 returned 1
    $$$$$:  171-block  0
call    5 never executed
    $$$$$:  171-block  1
call    6 never executed
    $$$$$:  171-block  2
call    7 never executed
    $$$$$:  171-block  3
call    8 never executed
    $$$$$:  171-block  4
call    9 never executed
        -:  172:
function _ZN18CarControllerTests20testCreateTypeReportEv called 1 returned 100% blocks executed 44%
        1:  173:void CarControllerTests::testCreateTypeReport() {
        -:  174:    // Arrange
        1:  175:    CarRepository carRepository = CarRepository();
        1:  175-block  0
call    0 returned 1
        -:  176:
        1:  177:    CarController carController = CarController(carRepository);
call    0 returned 1
branch  1 taken 1 (fallthrough)
branch  2 taken 0 (throw)
        2:  178:    Car car1 = Car("RO123AB", "AAA", "AAA", "AAA");
        1:  178-block  0
call    0 returned 1
call    1 returned 1
branch  2 taken 1 (fallthrough)
branch  3 taken 0 (throw)
        1:  178-block  1
call    4 returned 1
call    5 returned 1
branch  6 taken 1 (fallthrough)
branch  7 taken 0 (throw)
        1:  178-block  2
call    8 returned 1
call    9 returned 1
branch 10 taken 1 (fallthrough)
branch 11 taken 0 (throw)
        1:  178-block  3
call   12 returned 1
call   13 returned 1
branch 14 taken 1 (fallthrough)
branch 15 taken 0 (throw)
        1:  178-block  4
call   16 returned 1
branch 17 taken 1 (fallthrough)
branch 18 taken 0 (throw)
call   19 returned 1
call   20 returned 1
call   21 returned 1
call   22 returned 1
call   23 returned 1
call   24 returned 1
call   25 returned 1
    $$$$$:  178-block  5
    $$$$$:  178-block  6
    $$$$$:  178-block  7
    $$$$$:  178-block  8
    $$$$$:  178-block  9
    $$$$$:  178-block 10
    $$$$$:  178-block 11
    $$$$$:  178-block 12
        2:  179:    Car car2 = Car("RO111BB", "BBB", "BBB", "BBB");
call    0 returned 1
call    1 returned 1
branch  2 taken 1 (fallthrough)
branch  3 taken 0 (throw)
        1:  179-block  0
call    4 returned 1
call    5 returned 1
branch  6 taken 1 (fallthrough)
branch  7 taken 0 (throw)
        1:  179-block  1
call    8 returned 1
call    9 returned 1
branch 10 taken 1 (fallthrough)
branch 11 taken 0 (throw)
        1:  179-block  2
call   12 returned 1
call   13 returned 1
branch 14 taken 1 (fallthrough)
branch 15 taken 0 (throw)
        1:  179-block  3
call   16 returned 1
branch 17 taken 1 (fallthrough)
branch 18 taken 0 (throw)
call   19 returned 1
call   20 returned 1
call   21 returned 1
call   22 returned 1
call   23 returned 1
call   24 returned 1
call   25 returned 1
    $$$$$:  179-block  4
    $$$$$:  179-block  5
    $$$$$:  179-block  6
    $$$$$:  179-block  7
    $$$$$:  179-block  8
    $$$$$:  179-block  9
    $$$$$:  179-block 10
    $$$$$:  179-block 11
        2:  180:    Car car3 = Car("EN123BB", "CCC", "CCC", "CCC");
call    0 returned 1
call    1 returned 1
branch  2 taken 1 (fallthrough)
branch  3 taken 0 (throw)
        1:  180-block  0
call    4 returned 1
call    5 returned 1
branch  6 taken 1 (fallthrough)
branch  7 taken 0 (throw)
        1:  180-block  1
call    8 returned 1
call    9 returned 1
branch 10 taken 1 (fallthrough)
branch 11 taken 0 (throw)
        1:  180-block  2
call   12 returned 1
call   13 returned 1
branch 14 taken 1 (fallthrough)
branch 15 taken 0 (throw)
        1:  180-block  3
call   16 returned 1
branch 17 taken 1 (fallthrough)
branch 18 taken 0 (throw)
call   19 returned 1
call   20 returned 1
call   21 returned 1
call   22 returned 1
call   23 returned 1
call   24 returned 1
call   25 returned 1
    $$$$$:  180-block  4
    $$$$$:  180-block  5
    $$$$$:  180-block  6
    $$$$$:  180-block  7
    $$$$$:  180-block  8
    $$$$$:  180-block  9
    $$$$$:  180-block 10
    $$$$$:  180-block 11
        2:  181:    Car car4 = Car("EN124BB", "CCC", "CCC", "CCC");
call    0 returned 1
call    1 returned 1
branch  2 taken 1 (fallthrough)
branch  3 taken 0 (throw)
        1:  181-block  0
call    4 returned 1
call    5 returned 1
branch  6 taken 1 (fallthrough)
branch  7 taken 0 (throw)
        1:  181-block  1
call    8 returned 1
call    9 returned 1
branch 10 taken 1 (fallthrough)
branch 11 taken 0 (throw)
        1:  181-block  2
call   12 returned 1
call   13 returned 1
branch 14 taken 1 (fallthrough)
branch 15 taken 0 (throw)
        1:  181-block  3
call   16 returned 1
branch 17 taken 1 (fallthrough)
branch 18 taken 0 (throw)
call   19 returned 1
call   20 returned 1
call   21 returned 1
call   22 returned 1
call   23 returned 1
call   24 returned 1
call   25 returned 1
    $$$$$:  181-block  4
    $$$$$:  181-block  5
    $$$$$:  181-block  6
    $$$$$:  181-block  7
    $$$$$:  181-block  8
    $$$$$:  181-block  9
    $$$$$:  181-block 10
    $$$$$:  181-block 11
        -:  182:
        1:  183:    carController.addNewCar("RO123AB", "AAA", "AAA", "AAA");
call    0 returned 1
call    1 returned 1
branch  2 taken 1 (fallthrough)
branch  3 taken 0 (throw)
        1:  183-block  0
call    4 returned 1
call    5 returned 1
branch  6 taken 1 (fallthrough)
branch  7 taken 0 (throw)
        1:  183-block  1
call    8 returned 1
call    9 returned 1
branch 10 taken 1 (fallthrough)
branch 11 taken 0 (throw)
        1:  183-block  2
call   12 returned 1
call   13 returned 1
branch 14 taken 1 (fallthrough)
branch 15 taken 0 (throw)
        1:  183-block  3
call   16 returned 1
branch 17 taken 1 (fallthrough)
branch 18 taken 0 (throw)
        1:  183-block  4
call   19 returned 1
call   20 returned 1
call   21 returned 1
call   22 returned 1
call   23 returned 1
call   24 returned 1
call   25 returned 1
call   26 returned 1
    $$$$$:  183-block  5
call   27 never executed
    $$$$$:  183-block  6
    $$$$$:  183-block  7
call   28 never executed
    $$$$$:  183-block  8
    $$$$$:  183-block  9
call   29 never executed
    $$$$$:  183-block 10
    $$$$$:  183-block 11
call   30 never executed
    $$$$$:  183-block 12
    $$$$$:  183-block 13
call   31 never executed
    $$$$$:  183-block 14
    $$$$$:  183-block 15
call   32 never executed
    $$$$$:  183-block 16
    $$$$$:  183-block 17
call   33 never executed
    $$$$$:  183-block 18
    $$$$$:  183-block 19
call   34 never executed
    $$$$$:  183-block 20
        1:  184:    carController.addNewCar("RO111BB", "BBB", "BBB", "BBB");
call    0 returned 1
call    1 returned 1
branch  2 taken 1 (fallthrough)
branch  3 taken 0 (throw)
        1:  184-block  0
call    4 returned 1
call    5 returned 1
branch  6 taken 1 (fallthrough)
branch  7 taken 0 (throw)
        1:  184-block  1
call    8 returned 1
call    9 returned 1
branch 10 taken 1 (fallthrough)
branch 11 taken 0 (throw)
        1:  184-block  2
call   12 returned 1
call   13 returned 1
branch 14 taken 1 (fallthrough)
branch 15 taken 0 (throw)
        1:  184-block  3
call   16 returned 1
branch 17 taken 1 (fallthrough)
branch 18 taken 0 (throw)
        1:  184-block  4
call   19 returned 1
call   20 returned 1
call   21 returned 1
call   22 returned 1
call   23 returned 1
call   24 returned 1
call   25 returned 1
call   26 returned 1
    $$$$$:  184-block  5
call   27 never executed
    $$$$$:  184-block  6
    $$$$$:  184-block  7
call   28 never executed
    $$$$$:  184-block  8
    $$$$$:  184-block  9
call   29 never executed
    $$$$$:  184-block 10
    $$$$$:  184-block 11
call   30 never executed
    $$$$$:  184-block 12
    $$$$$:  184-block 13
call   31 never executed
    $$$$$:  184-block 14
    $$$$$:  184-block 15
call   32 never executed
    $$$$$:  184-block 16
    $$$$$:  184-block 17
call   33 never executed
    $$$$$:  184-block 18
    $$$$$:  184-block 19
call   34 never executed
    $$$$$:  184-block 20
        1:  185:    carController.addNewCar("EN123BB", "CCC", "CCC", "CCC");
call    0 returned 1
call    1 returned 1
branch  2 taken 1 (fallthrough)
branch  3 taken 0 (throw)
        1:  185-block  0
call    4 returned 1
call    5 returned 1
branch  6 taken 1 (fallthrough)
branch  7 taken 0 (throw)
        1:  185-block  1
call    8 returned 1
call    9 returned 1
branch 10 taken 1 (fallthrough)
branch 11 taken 0 (throw)
        1:  185-block  2
call   12 returned 1
call   13 returned 1
branch 14 taken 1 (fallthrough)
branch 15 taken 0 (throw)
        1:  185-block  3
call   16 returned 1
branch 17 taken 1 (fallthrough)
branch 18 taken 0 (throw)
        1:  185-block  4
call   19 returned 1
call   20 returned 1
call   21 returned 1
call   22 returned 1
call   23 returned 1
call   24 returned 1
call   25 returned 1
call   26 returned 1
    $$$$$:  185-block  5
call   27 never executed
    $$$$$:  185-block  6
    $$$$$:  185-block  7
call   28 never executed
    $$$$$:  185-block  8
    $$$$$:  185-block  9
call   29 never executed
    $$$$$:  185-block 10
    $$$$$:  185-block 11
call   30 never executed
    $$$$$:  185-block 12
    $$$$$:  185-block 13
call   31 never executed
    $$$$$:  185-block 14
    $$$$$:  185-block 15
call   32 never executed
    $$$$$:  185-block 16
    $$$$$:  185-block 17
call   33 never executed
    $$$$$:  185-block 18
    $$$$$:  185-block 19
call   34 never executed
    $$$$$:  185-block 20
        1:  186:    carController.addNewCar("EN124BB", "CCC", "CCC", "CCC");
call    0 returned 1
call    1 returned 1
branch  2 taken 1 (fallthrough)
branch  3 taken 0 (throw)
        1:  186-block  0
call    4 returned 1
call    5 returned 1
branch  6 taken 1 (fallthrough)
branch  7 taken 0 (throw)
        1:  186-block  1
call    8 returned 1
call    9 returned 1
branch 10 taken 1 (fallthrough)
branch 11 taken 0 (throw)
        1:  186-block  2
call   12 returned 1
call   13 returned 1
branch 14 taken 1 (fallthrough)
branch 15 taken 0 (throw)
        1:  186-block  3
call   16 returned 1
branch 17 taken 1 (fallthrough)
branch 18 taken 0 (throw)
        1:  186-block  4
call   19 returned 1
call   20 returned 1
call   21 returned 1
call   22 returned 1
call   23 returned 1
call   24 returned 1
call   25 returned 1
call   26 returned 1
    $$$$$:  186-block  5
call   27 never executed
    $$$$$:  186-block  6
    $$$$$:  186-block  7
call   28 never executed
    $$$$$:  186-block  8
    $$$$$:  186-block  9
call   29 never executed
    $$$$$:  186-block 10
    $$$$$:  186-block 11
call   30 never executed
    $$$$$:  186-block 12
    $$$$$:  186-block 13
call   31 never executed
    $$$$$:  186-block 14
    $$$$$:  186-block 15
call   32 never executed
    $$$$$:  186-block 16
    $$$$$:  186-block 17
call   33 never executed
    $$$$$:  186-block 18
    $$$$$:  186-block 19
call   34 never executed
    $$$$$:  186-block 20
        -:  187:
        -:  188:    // Act
        1:  189:    std::unordered_map<std::string, TypeDTO> actual = carController.createTypeReport();
call    0 returned 1
branch  1 taken 1 (fallthrough)
branch  2 taken 0 (throw)
        -:  190:
        -:  191:    // Assert
       1*:  192:    assert(actual["AAA"].getType() == "AAA");
        1:  192-block  0
call    0 returned 1
call    1 returned 1
branch  2 taken 1 (fallthrough)
branch  3 taken 0 (throw)
        1:  192-block  1
call    4 returned 1
branch  5 taken 1 (fallthrough)
branch  6 taken 0 (throw)
        1:  192-block  2
call    7 returned 1
branch  8 taken 1 (fallthrough)
branch  9 taken 0 (throw)
        1:  192-block  3
call   10 returned 1
branch 11 taken 0 (fallthrough)
branch 12 taken 1
    %%%%%:  192-block  4
call   13 never executed
        1:  192-block  5
call   14 returned 1
call   15 returned 1
call   16 returned 1
    $$$$$:  192-block  6
call   17 never executed
    $$$$$:  192-block  7
    $$$$$:  192-block  8
call   18 never executed
    $$$$$:  192-block  9
       1*:  193:    assert(actual["AAA"].getCount() == 1);
call    0 returned 1
call    1 returned 1
branch  2 taken 1 (fallthrough)
branch  3 taken 0 (throw)
        1:  193-block  0
call    4 returned 1
branch  5 taken 1 (fallthrough)
branch  6 taken 0 (throw)
        1:  193-block  1
call    7 returned 1
branch  8 taken 1 (fallthrough)
branch  9 taken 0 (throw)
        1:  193-block  2
branch 10 taken 0 (fallthrough)
branch 11 taken 1
    %%%%%:  193-block  3
call   12 never executed
        1:  193-block  4
call   13 returned 1
call   14 returned 1
    $$$$$:  193-block  5
call   15 never executed
    $$$$$:  193-block  6
    $$$$$:  193-block  7
call   16 never executed
    $$$$$:  193-block  8
        -:  194:
       1*:  195:    assert(actual["BBB"].getType() == "BBB");
call    0 returned 1
call    1 returned 1
branch  2 taken 1 (fallthrough)
branch  3 taken 0 (throw)
        1:  195-block  0
call    4 returned 1
branch  5 taken 1 (fallthrough)
branch  6 taken 0 (throw)
        1:  195-block  1
call    7 returned 1
branch  8 taken 1 (fallthrough)
branch  9 taken 0 (throw)
        1:  195-block  2
call   10 returned 1
branch 11 taken 0 (fallthrough)
branch 12 taken 1
    %%%%%:  195-block  3
call   13 never executed
        1:  195-block  4
call   14 returned 1
call   15 returned 1
call   16 returned 1
    $$$$$:  195-block  5
call   17 never executed
    $$$$$:  195-block  6
    $$$$$:  195-block  7
call   18 never executed
    $$$$$:  195-block  8
       1*:  196:    assert(actual["BBB"].getCount() == 1);
call    0 returned 1
call    1 returned 1
branch  2 taken 1 (fallthrough)
branch  3 taken 0 (throw)
        1:  196-block  0
call    4 returned 1
branch  5 taken 1 (fallthrough)
branch  6 taken 0 (throw)
        1:  196-block  1
call    7 returned 1
branch  8 taken 1 (fallthrough)
branch  9 taken 0 (throw)
        1:  196-block  2
branch 10 taken 0 (fallthrough)
branch 11 taken 1
    %%%%%:  196-block  3
call   12 never executed
        1:  196-block  4
call   13 returned 1
call   14 returned 1
    $$$$$:  196-block  5
call   15 never executed
    $$$$$:  196-block  6
    $$$$$:  196-block  7
call   16 never executed
    $$$$$:  196-block  8
        -:  197:
       1*:  198:    assert(actual["CCC"].getType() == "CCC");
call    0 returned 1
call    1 returned 1
branch  2 taken 1 (fallthrough)
branch  3 taken 0 (throw)
        1:  198-block  0
call    4 returned 1
branch  5 taken 1 (fallthrough)
branch  6 taken 0 (throw)
        1:  198-block  1
call    7 returned 1
branch  8 taken 1 (fallthrough)
branch  9 taken 0 (throw)
        1:  198-block  2
call   10 returned 1
branch 11 taken 0 (fallthrough)
branch 12 taken 1
    %%%%%:  198-block  3
call   13 never executed
        1:  198-block  4
call   14 returned 1
call   15 returned 1
call   16 returned 1
    $$$$$:  198-block  5
call   17 never executed
    $$$$$:  198-block  6
    $$$$$:  198-block  7
call   18 never executed
    $$$$$:  198-block  8
       1*:  199:    assert(actual["CCC"].getCount() == 2);
call    0 returned 1
call    1 returned 1
branch  2 taken 1 (fallthrough)
branch  3 taken 0 (throw)
        1:  199-block  0
call    4 returned 1
branch  5 taken 1 (fallthrough)
branch  6 taken 0 (throw)
        1:  199-block  1
call    7 returned 1
branch  8 taken 1 (fallthrough)
branch  9 taken 0 (throw)
        1:  199-block  2
branch 10 taken 0 (fallthrough)
branch 11 taken 1
    %%%%%:  199-block  3
call   12 never executed
        1:  199-block  4
call   13 returned 1
call   14 returned 1
    $$$$$:  199-block  5
call   15 never executed
    $$$$$:  199-block  6
    $$$$$:  199-block  7
call   16 never executed
    $$$$$:  199-block  8
        1:  200:}
call    0 returned 1
call    1 returned 1
call    2 returned 1
call    3 returned 1
call    4 returned 1
call    5 returned 1
    $$$$$:  200-block  0
call    6 never executed
    $$$$$:  200-block  1
call    7 never executed
    $$$$$:  200-block  2
call    8 never executed
    $$$$$:  200-block  3
call    9 never executed
    $$$$$:  200-block  4
call   10 never executed
    $$$$$:  200-block  5
call   11 never executed
