        -:    0:Source:/home/sebifp/ubb/cpplab/repository/CarRepository.cpp
        -:    0:Graph:/home/sebifp/ubb/cpplab/cmake-build-debug-coverage/CMakeFiles/cpplab.dir/repository/CarRepository.cpp.gcno
        -:    0:Data:/home/sebifp/ubb/cpplab/cmake-build-debug-coverage/CMakeFiles/cpplab.dir/repository/CarRepository.cpp.gcda
        -:    0:Runs:1
        -:    1:#include <algorithm>
        -:    2:#include "CarRepository.h"
        -:    3:#include "../misc/Exceptions.h"
function _ZN13CarRepository26getCarByRegistrationNumberERKNSt7__cxx1112basic_stringIcSt11char_traitsIcESaIcEEE called 18 returned 67% blocks executed 79%
       18:    4:Car CarRepository::getCarByRegistrationNumber(const std::string& registrationNumber) {
        -:    5:    // find the car with the received registration
function _ZZN13CarRepository26getCarByRegistrationNumberERKNSt7__cxx1112basic_stringIcSt11char_traitsIcESaIcEEEENKUlRK3CarE_clESA_ called 26 returned 100% blocks executed 100%
       44:    6:    auto result = std::find_if(cars.begin(), cars.end(), [&](const Car& car){return car.getRegistrationNumber() == registrationNumber;});
       18:    6-block  0
call    0 returned 18
call    1 returned 18
call    2 returned 18
branch  3 taken 18 (fallthrough)
branch  4 taken 0 (throw)
       26:    6-block  1
call    5 returned 26
call    6 returned 26
call    7 returned 26
       18:    7:    if (result == cars.end()) {
       18:    7-block  0
call    0 returned 18
call    1 returned 18
branch  2 taken 6 (fallthrough)
branch  3 taken 12
        6:    8:        throw CarNotFoundError("There is no car with the input registration number.");
        6:    8-block  0
call    0 returned 6
call    1 returned 6
call    2 returned 6
branch  3 taken 6 (fallthrough)
branch  4 taken 0 (throw)
        6:    8-block  1
call    5 returned 6
call    6 returned 6
call    7 returned 6
call    8 returned 6
    $$$$$:    8-block  2
call    9 never executed
    $$$$$:    8-block  3
    $$$$$:    8-block  4
call   10 never executed
        -:    9:    } else {
       24:   10:        return *result;
       12:   10-block  0
call    0 returned 12
call    1 returned 12
branch  2 taken 12 (fallthrough)
branch  3 taken 0 (throw)
       12:   10-block  1
        -:   11:    }
        -:   12:}
        -:   13:
function _ZNK13CarRepository10getAllCarsEv called 4 returned 100% blocks executed 100%
        4:   14:const std::vector<Car>& CarRepository::getAllCars() const {
        4:   15:    return cars;
        4:   15-block  0
        -:   16:}
        -:   17:
function _ZN13CarRepository9addNewCarERK3Car called 30 returned 93% blocks executed 77%
       30:   18:void CarRepository::addNewCar(const Car& newCar) {
        -:   19:    // check if there is already a Car with the registrationNumber of the received one.
function _ZZN13CarRepository9addNewCarERK3CarENKUlS2_E_clES2_ called 21 returned 100% blocks executed 80%
       51:   20:    auto result = std::find_if(cars.begin(), cars.end(), [&](const Car& car){return newCar.getRegistrationNumber() == car.getRegistrationNumber();});
       30:   20-block  0
call    0 returned 30
call    1 returned 30
call    2 returned 30
branch  3 taken 30 (fallthrough)
branch  4 taken 0 (throw)
       21:   20-block  1
call    5 returned 21
call    6 returned 21
branch  7 taken 21 (fallthrough)
branch  8 taken 0 (throw)
       21:   20-block  2
call    9 returned 21
call   10 returned 21
call   11 returned 21
       21:   20-block  3
    $$$$$:   20-block  4
call   12 never executed
       30:   21:    if (result == cars.end()) {
       30:   21-block  0
call    0 returned 30
call    1 returned 30
branch  2 taken 28 (fallthrough)
branch  3 taken 2
       28:   22:        cars.push_back(newCar);
       28:   22-block  0
call    0 returned 28
branch  1 taken 28 (fallthrough)
branch  2 taken 0 (throw)
       28:   23:        return;
       28:   23-block  0
       28:   23-block  1
        -:   24:    } else {
        2:   25:        throw DuplicateDataError("The is already a car with the input registration number");
        2:   25-block  0
call    0 returned 2
call    1 returned 2
call    2 returned 2
branch  3 taken 2 (fallthrough)
branch  4 taken 0 (throw)
        2:   25-block  1
call    5 returned 2
call    6 returned 2
call    7 returned 2
call    8 returned 2
    $$$$$:   25-block  2
call    9 never executed
    $$$$$:   25-block  3
    $$$$$:   25-block  4
call   10 never executed
        -:   26:    }
        -:   27:}
        -:   28:
function _ZN13CarRepository29deleteCarByRegistrationNumberERKNSt7__cxx1112basic_stringIcSt11char_traitsIcESaIcEEE called 4 returned 50% blocks executed 75%
        4:   29:void CarRepository::deleteCarByRegistrationNumber(const std::string& registrationNumber) {
        -:   30:    // find the car that needs to be deleted
function _ZZN13CarRepository29deleteCarByRegistrationNumberERKNSt7__cxx1112basic_stringIcSt11char_traitsIcESaIcEEEENKUlRK3CarE_clESA_ called 6 returned 100% blocks executed 100%
       10:   31:    auto result = std::find_if(cars.begin(), cars.end(), [&](const Car& car){return car.getRegistrationNumber() == registrationNumber;});
        4:   31-block  0
call    0 returned 4
call    1 returned 4
call    2 returned 4
branch  3 taken 4 (fallthrough)
branch  4 taken 0 (throw)
        6:   31-block  1
call    5 returned 6
call    6 returned 6
call    7 returned 6
        4:   32:    if (result != cars.end()) {
        4:   32-block  0
call    0 returned 4
call    1 returned 4
branch  2 taken 2 (fallthrough)
branch  3 taken 2
        2:   33:        cars.erase(result);
        2:   33-block  0
call    0 returned 2
call    1 returned 2
branch  2 taken 2 (fallthrough)
branch  3 taken 0 (throw)
    $$$$$:   33-block  1
        2:   34:        return ;
        2:   34-block  0
        2:   34-block  1
        -:   35:    } else {
        2:   36:        throw CarNotFoundError("The is no car with the input registration number");
        2:   36-block  0
call    0 returned 2
call    1 returned 2
call    2 returned 2
branch  3 taken 2 (fallthrough)
branch  4 taken 0 (throw)
        2:   36-block  1
call    5 returned 2
call    6 returned 2
call    7 returned 2
call    8 returned 2
    $$$$$:   36-block  2
call    9 never executed
    $$$$$:   36-block  3
    $$$$$:   36-block  4
call   10 never executed
        -:   37:    }
        -:   38:}
        -:   39:
function _ZN13CarRepository29updateCarByRegistrationNumberERKNSt7__cxx1112basic_stringIcSt11char_traitsIcESaIcEEE3Car called 6 returned 33% blocks executed 78%
        6:   40:void CarRepository::updateCarByRegistrationNumber(const std::string& registrationNumber, Car updatedCar) {
        -:   41:    // ensure that the update operation will not lead to multiple cars with the same registration number
        6:   42:    if (registrationNumber != updatedCar.getRegistrationNumber()) {
        6:   42-block  0
call    0 returned 6
call    1 returned 6
call    2 returned 6
branch  3 taken 6 (fallthrough)
branch  4 taken 0
       16:   43:        for (auto & car : cars) {
        6:   43-block  0
call    0 returned 6
call    1 returned 6
       12:   43-block  1
call    2 returned 12
       10:   43-block  2
call    3 returned 10
       16:   43-block  3
call    4 returned 16
branch  5 taken 12
branch  6 taken 4 (fallthrough)
       12:   44:            if (car.getRegistrationNumber() == updatedCar.getRegistrationNumber()) {
call    0 returned 12
branch  1 taken 12 (fallthrough)
branch  2 taken 0 (throw)
       12:   44-block  0
call    3 returned 12
branch  4 taken 12 (fallthrough)
branch  5 taken 0 (throw)
       12:   44-block  1
call    6 returned 12
call    7 returned 12
call    8 returned 12
branch  9 taken 2 (fallthrough)
branch 10 taken 10
    $$$$$:   44-block  2
call   11 never executed
    $$$$$:   44-block  3
        -:   45:                // throw an error because the update will create multiple cars with the same registration number
        2:   46:                throw DuplicateDataError("The update operation would create multiple cars with the same registration number.");
        2:   46-block  0
call    0 returned 2
call    1 returned 2
call    2 returned 2
branch  3 taken 2 (fallthrough)
branch  4 taken 0 (throw)
        2:   46-block  1
call    5 returned 2
call    6 returned 2
call    7 returned 2
call    8 returned 2
    $$$$$:   46-block  2
call    9 never executed
    $$$$$:   46-block  3
    $$$$$:   46-block  4
call   10 never executed
        -:   47:            }
        -:   48:        }
        -:   49:    }
        -:   50:    // find the car that will be updated
        8:   51:    for (auto & car : cars) {
        4:   51-block  0
call    0 returned 4
call    1 returned 4
        6:   51-block  1
call    2 returned 6
        4:   51-block  2
call    3 returned 4
        8:   51-block  3
call    4 returned 8
branch  5 taken 6
branch  6 taken 2 (fallthrough)
        6:   52:        if (car.getRegistrationNumber() == registrationNumber) {
call    0 returned 6
branch  1 taken 6 (fallthrough)
branch  2 taken 0 (throw)
        6:   52-block  0
call    3 returned 6
call    4 returned 6
branch  5 taken 2 (fallthrough)
branch  6 taken 4
        2:   53:            car = updatedCar;
        2:   53-block  0
call    0 returned 2
branch  1 taken 2 (fallthrough)
branch  2 taken 0 (throw)
        2:   54:            return;
        2:   54-block  0
        2:   54-block  1
        -:   55:        }
        -:   56:    }
        -:   57:
        -:   58:    // if no car was found throw an error
        2:   59:    throw  CarNotFoundError("There is not car with the input registration number.");
        2:   59-block  0
call    0 returned 2
call    1 returned 2
call    2 returned 2
branch  3 taken 2 (fallthrough)
branch  4 taken 0 (throw)
        2:   59-block  1
call    5 returned 2
call    6 returned 2
call    7 returned 2
call    8 returned 0
    $$$$$:   59-block  2
call    9 never executed
    $$$$$:   59-block  3
    $$$$$:   59-block  4
call   10 never executed
        -:   60:}
