        -:    0:Source:/home/sebifp/devStuff/repos/OOP-CPP/misc/Exceptions.h
        -:    0:Graph:/home/sebifp/devStuff/repos/OOP-CPP/cmake-build-debug-coverage/CMakeFiles/cpplab.dir/repository/CarRepository.cpp.gcno
        -:    0:Data:/home/sebifp/devStuff/repos/OOP-CPP/cmake-build-debug-coverage/CMakeFiles/cpplab.dir/repository/CarRepository.cpp.gcda
        -:    0:Runs:1
        -:    1:#ifndef CPPLAB_EXCEPTIONS_H
        -:    2:#define CPPLAB_EXCEPTIONS_H
        -:    3:
        -:    4:#include <exception>
        -:    5:#include <stdexcept>
        -:    6:#include <utility>
        -:    7:
        -:    8:class GenericException: std::exception {
        -:    9:public:
function _ZN16GenericExceptionC2ENSt7__cxx1112basic_stringIcSt11char_traitsIcESaIcEEE called 0 returned 0% blocks executed 0%
    #####:   10:    explicit GenericException(std::string  errorMessage) : message(std::move(errorMessage)) {}
    %%%%%:   10-block  0
call    0 never executed
call    1 never executed
call    2 never executed
        -:   11:
        -:   12:    std::string getErrorMessage();
        -:   13:private:
        -:   14:    const std::string message;
        -:   15:};
        -:   16:
        -:   17:class CarNotFoundError : public GenericException {
        -:   18:    using GenericException::GenericException;
        -:   19:};
        -:   20:
        -:   21:class InvalidDataError : public GenericException {
        -:   22:    using GenericException::GenericException;
        -:   23:};
        -:   24:
        -:   25:class DuplicateDataError : public GenericException {
        -:   26:    using GenericException::GenericException;
        -:   27:};
        -:   28:
        -:   29:class InvalidExportFormatError : public GenericException {
        -:   30:    using GenericException::GenericException;
        -:   31:};
        -:   32:
        -:   33:class AddRandomCarsError : public GenericException {
        -:   34:    using GenericException::GenericException;
        -:   35:};
        -:   36:
        -:   37:class UndoError : public GenericException {
        -:   38:    using GenericException::GenericException;
        -:   39:};
        -:   40:
        -:   41:class RandomError : public GenericException {
        -:   42:    using GenericException::GenericException;
        -:   43:};
        -:   44:
        -:   45:#endif //CPPLAB_EXCEPTIONS_H
