        -:    0:Source:/home/sebifp/devStuff/repos/OOP-CPP/domain/CarValidators.cpp
        -:    0:Graph:/home/sebifp/devStuff/repos/OOP-CPP/cmake-build-debug-coverage/CMakeFiles/cpplab.dir/domain/CarValidators.cpp.gcno
        -:    0:Data:/home/sebifp/devStuff/repos/OOP-CPP/cmake-build-debug-coverage/CMakeFiles/cpplab.dir/domain/CarValidators.cpp.gcda
        -:    0:Runs:1
        -:    1:#include "CarValidators.h"
        -:    2:#include "../misc/Exceptions.h"
        -:    3:
function _ZN13CarValidators26validateRegistrationNumberERKNSt7__cxx1112basic_stringIcSt11char_traitsIcESaIcEEE called 143 returned 97% blocks executed 80%
      143:    4:void CarValidators::validateRegistrationNumber(const std::string &registrationNumber) {
        -:    5:    // check if the string is empty
      143:    6:    if (registrationNumber.empty()) {
      143:    6-block  0
call    0 returned 143
branch  1 taken 3 (fallthrough)
branch  2 taken 140
        3:    7:        throw std::runtime_error("The registration number is invalid.\n");
        3:    7-block  0
call    0 returned 3
call    1 returned 3
branch  2 taken 3 (fallthrough)
branch  3 taken 0 (throw)
        3:    7-block  1
call    4 returned 0
    $$$$$:    7-block  2
call    5 never executed
        -:    8:    }
        -:    9:
        -:   10:    // check if it is made of 7 characters
      140:   11:    if (registrationNumber.size() != 7) {
      140:   11-block  0
call    0 returned 140
branch  1 taken 2 (fallthrough)
branch  2 taken 138
        2:   12:        throw std::runtime_error("The registration number is invalid.\n");
        2:   12-block  0
call    0 returned 2
call    1 returned 2
branch  2 taken 2 (fallthrough)
branch  3 taken 0 (throw)
        2:   12-block  1
call    4 returned 0
    $$$$$:   12-block  2
call    5 never executed
        -:   13:    }
      138:   14:}
      138:   14-block  0
        -:   15:
function _ZN13CarValidators13validateModelERKNSt7__cxx1112basic_stringIcSt11char_traitsIcESaIcEEE called 142 returned 98% blocks executed 88%
      142:   16:void CarValidators::validateModel(const std::string &model) {
        -:   17:    // check if the string is empty
      142:   18:    if (model.empty()) {
      142:   18-block  0
call    0 returned 142
branch  1 taken 3 (fallthrough)
branch  2 taken 139
        3:   19:        throw std::runtime_error("The model is invalid.\n");
        3:   19-block  0
call    0 returned 3
call    1 returned 3
branch  2 taken 3 (fallthrough)
branch  3 taken 0 (throw)
        3:   19-block  1
call    4 returned 0
    $$$$$:   19-block  2
call    5 never executed
        -:   20:    }
      139:   21:}
      139:   21-block  0
        -:   22:
function _ZN13CarValidators12validateTypeERKNSt7__cxx1112basic_stringIcSt11char_traitsIcESaIcEEE called 142 returned 98% blocks executed 88%
      142:   23:void CarValidators::validateType(const std::string &type) {
        -:   24:    // check if the string is empty
      142:   25:    if (type.empty()) {
      142:   25-block  0
call    0 returned 142
branch  1 taken 3 (fallthrough)
branch  2 taken 139
        3:   26:        throw std::runtime_error("The type is invalid.\n");
        3:   26-block  0
call    0 returned 3
call    1 returned 3
branch  2 taken 3 (fallthrough)
branch  3 taken 0 (throw)
        3:   26-block  1
call    4 returned 0
    $$$$$:   26-block  2
call    5 never executed
        -:   27:    }
      139:   28:}
      139:   28-block  0
        -:   29:
function _ZN13CarValidators16validateProducerERKNSt7__cxx1112basic_stringIcSt11char_traitsIcESaIcEEE called 142 returned 98% blocks executed 88%
      142:   30:void CarValidators::validateProducer(const std::string &producer) {
        -:   31:    // check if the string is empty
      142:   32:    if (producer.empty()) {
      142:   32-block  0
call    0 returned 142
branch  1 taken 3 (fallthrough)
branch  2 taken 139
        3:   33:        throw std::runtime_error("The producer is invalid.\n");
        3:   33-block  0
call    0 returned 3
call    1 returned 3
branch  2 taken 3 (fallthrough)
branch  3 taken 0 (throw)
        3:   33-block  1
call    4 returned 0
    $$$$$:   33-block  2
call    5 never executed
        -:   34:    }
      139:   35:}
      139:   35-block  0
