        -:    0:Source:/home/sebifp/ubb/cpplab/test/tests.cpp
        -:    0:Graph:/home/sebifp/ubb/cpplab/cmake-build-debug-coverage/CMakeFiles/cpplab.dir/test/tests.cpp.gcno
        -:    0:Data:/home/sebifp/ubb/cpplab/cmake-build-debug-coverage/CMakeFiles/cpplab.dir/test/tests.cpp.gcda
        -:    0:Runs:1
        -:    1:#include "tests.h"
        -:    2:#include "CarValidatorsTests.h"
        -:    3:#include "CarTests.h"
        -:    4:#include "CarRepositoryTests.h"
        -:    5:#include "CarControllerTests.h"
        -:    6:#include "../misc/DynamicArray.h"
        -:    7:#include "FiltersTests.h"
        -:    8:#include "SortingFunctionsTests.h"
        -:    9:#include "DynamicArrayTests.h"
        -:   10:#include "GenericExceptionTests.h"
        -:   11:
        -:   12:void testAll();
        -:   13:
function _Z11runAllTestsv called 1 returned 100% blocks executed 100%
        1:   14:void runAllTests() {
        -:   15:    // car validators tests
        -:   16:    CarValidatorsTests carValidatorsTests = CarValidatorsTests();
        1:   17:    carValidatorsTests.testValidateRegistrationNumber();
        1:   17-block  0
call    0 returned 1
branch  1 taken 1 (fallthrough)
branch  2 taken 0 (throw)
        1:   18:    carValidatorsTests.testValidateType();
        1:   18-block  0
call    0 returned 1
branch  1 taken 1 (fallthrough)
branch  2 taken 0 (throw)
        1:   19:    carValidatorsTests.testValidateModel();
        1:   19-block  0
call    0 returned 1
branch  1 taken 1 (fallthrough)
branch  2 taken 0 (throw)
        1:   20:    carValidatorsTests.testValidateProducer();
        1:   20-block  0
call    0 returned 1
branch  1 taken 1 (fallthrough)
branch  2 taken 0 (throw)
        -:   21:
        -:   22:    // car constructor, setters and getters tests
        -:   23:    CarTests carTests = CarTests();
        1:   24:    carTests.testConstructor();
        1:   24-block  0
call    0 returned 1
branch  1 taken 1 (fallthrough)
branch  2 taken 0 (throw)
        1:   25:    carTests.testGetters();
        1:   25-block  0
call    0 returned 1
branch  1 taken 1 (fallthrough)
branch  2 taken 0 (throw)
        1:   26:    carTests.testSetters();
        1:   26-block  0
call    0 returned 1
branch  1 taken 1 (fallthrough)
branch  2 taken 0 (throw)
        1:   27:    carTests.testEquality();
        1:   27-block  0
call    0 returned 1
branch  1 taken 1 (fallthrough)
branch  2 taken 0 (throw)
        -:   28:
        -:   29:    // car repository tests
        -:   30:    CarRepositoryTests carRepositoryTests = CarRepositoryTests();
        1:   31:    carRepositoryTests.testAddNewCar();
        1:   31-block  0
call    0 returned 1
branch  1 taken 1 (fallthrough)
branch  2 taken 0 (throw)
        1:   32:    carRepositoryTests.testDeleteCarByRegistrationNumber();
        1:   32-block  0
call    0 returned 1
branch  1 taken 1 (fallthrough)
branch  2 taken 0 (throw)
        1:   33:    carRepositoryTests.testGetCarByRegistrationNumber();
        1:   33-block  0
call    0 returned 1
branch  1 taken 1 (fallthrough)
branch  2 taken 0 (throw)
        1:   34:    carRepositoryTests.testUpdateCarByRegistrationNumber();
        1:   34-block  0
call    0 returned 1
branch  1 taken 1 (fallthrough)
branch  2 taken 0 (throw)
        1:   35:    carRepositoryTests.testGetAllCars();
        1:   35-block  0
call    0 returned 1
branch  1 taken 1 (fallthrough)
branch  2 taken 0 (throw)
        -:   36:
        -:   37:    // car controller tests
        -:   38:    CarControllerTests carControllerTests = CarControllerTests();
        1:   39:    carControllerTests.testAddCar();
        1:   39-block  0
call    0 returned 1
branch  1 taken 1 (fallthrough)
branch  2 taken 0 (throw)
        1:   40:    carControllerTests.testFindCarByRegistrationNumber();
        1:   40-block  0
call    0 returned 1
branch  1 taken 1 (fallthrough)
branch  2 taken 0 (throw)
        1:   41:    carControllerTests.testGetAllCars();
        1:   41-block  0
call    0 returned 1
branch  1 taken 1 (fallthrough)
branch  2 taken 0 (throw)
        1:   42:    carControllerTests.testUpdateCarByRegistrationNumber();
        1:   42-block  0
call    0 returned 1
branch  1 taken 1 (fallthrough)
branch  2 taken 0 (throw)
        1:   43:    carControllerTests.testDeleteCarByRegistrationNumber();
        1:   43-block  0
call    0 returned 1
branch  1 taken 1 (fallthrough)
branch  2 taken 0 (throw)
        1:   44:    carControllerTests.testFilter();
        1:   44-block  0
call    0 returned 1
branch  1 taken 1 (fallthrough)
branch  2 taken 0 (throw)
        1:   45:    carControllerTests.testSort();
        1:   45-block  0
call    0 returned 1
branch  1 taken 1 (fallthrough)
branch  2 taken 0 (throw)
        -:   46:
        -:   47:    // Filters tests
        -:   48:    FiltersTests filtersTests = FiltersTests();
        1:   49:    filtersTests.testFilterByProducer();
        1:   49-block  0
call    0 returned 1
branch  1 taken 1 (fallthrough)
branch  2 taken 0 (throw)
        1:   50:    filtersTests.testFilterByType();
        1:   50-block  0
call    0 returned 1
branch  1 taken 1 (fallthrough)
branch  2 taken 0 (throw)
        -:   51:
        -:   52:    // SortingFunctions tests
        -:   53:    SortingFunctionsTests sortingFunctionsTests = SortingFunctionsTests();
        1:   54:    sortingFunctionsTests.testCompareTypes();
        1:   54-block  0
call    0 returned 1
branch  1 taken 1 (fallthrough)
branch  2 taken 0 (throw)
        1:   55:    sortingFunctionsTests.testCompareRegistrationNumbers();
        1:   55-block  0
call    0 returned 1
branch  1 taken 1 (fallthrough)
branch  2 taken 0 (throw)
        1:   56:    sortingFunctionsTests.testCompareProducersAndModels();
        1:   56-block  0
call    0 returned 1
branch  1 taken 1 (fallthrough)
branch  2 taken 0 (throw)
        1:   57:    sortingFunctionsTests.testSortCarsByType();
        1:   57-block  0
call    0 returned 1
branch  1 taken 1 (fallthrough)
branch  2 taken 0 (throw)
        1:   58:    sortingFunctionsTests.testSortCarsByRegistrationNumber();
        1:   58-block  0
call    0 returned 1
branch  1 taken 1 (fallthrough)
branch  2 taken 0 (throw)
        1:   59:    sortingFunctionsTests.testSortCarsByProducerAndModel();
        1:   59-block  0
call    0 returned 1
branch  1 taken 1 (fallthrough)
branch  2 taken 0 (throw)
        -:   60:
        -:   61:    // DynamicArray tests
        -:   62:    DynamicArrayTests dynamicArrayTests = DynamicArrayTests();
        1:   63:    dynamicArrayTests.testDynamicArray();
        1:   63-block  0
call    0 returned 1
branch  1 taken 1 (fallthrough)
branch  2 taken 0 (throw)
        -:   64:
        -:   65:    // GenericException tests
        -:   66:    GenericExceptionTests genericExceptionTests = GenericExceptionTests();
        1:   67:    genericExceptionTests.testGetErrorMessage();
        1:   67-block  0
call    0 returned 1
branch  1 taken 1 (fallthrough)
branch  2 taken 0 (throw)
        1:   68:}
        1:   68-block  0
        -:   69:
        -:   70:
        -:   71:
