        -:    0:Source:/home/sebifp/devStuff/repos/OOP-CPP/ui/UI.cpp
        -:    0:Graph:/home/sebifp/devStuff/repos/OOP-CPP/cmake-build-debug-coverage/CMakeFiles/cpplab.dir/ui/UI.cpp.gcno
        -:    0:Data:/home/sebifp/devStuff/repos/OOP-CPP/cmake-build-debug-coverage/CMakeFiles/cpplab.dir/ui/UI.cpp.gcda
        -:    0:Runs:1
        -:    1:#include <iostream>
        -:    2:#include <utility>
        -:    3:#include <unordered_map>
        -:    4:#include "UI.h"
        -:    5:#include "../misc/Filters.h"
        -:    6:#include "../misc/SortingFunctions.h"
        -:    7:#include "../misc/Exceptions.h"
        -:    8:
        -:    9:using std::string;
        -:   10:using std::cout;
        -:   11:using std::cin;
        -:   12:using std::endl;
        -:   13:
function _ZN2UIC2ER13CarControllerR20CarsToWashController called 1 returned 100% blocks executed 100%
        1:   14:UI::UI(CarController&  carController, CarsToWashController&  carsToWashController) : carController(carController),
        1:   15:                                                                                               carsToWashController(carsToWashController) {}
        -:   16:
        -:   17:
        -:   18:
function _ZN2UI6runAppEv called 1 returned 100% blocks executed 7%
        1:   19:void UI::runApp() {
        1:   20:    carController.loadData();
        1:   20-block  0
call    0 returned 1
call    1 returned 1
branch  2 taken 1 (fallthrough)
branch  3 taken 0 (throw)
        1:   20-block  1
call    4 returned 1
branch  5 taken 1 (fallthrough)
branch  6 taken 0 (throw)
        1:   20-block  2
call    7 returned 1
call    8 returned 1
    $$$$$:   20-block  3
call    9 never executed
    $$$$$:   20-block  4
    $$$$$:   20-block  5
call   10 never executed
    $$$$$:   20-block  6
call   11 never executed
        1:   21:    bool running = true;
        1:   22:    cout << "This is a car management application." << std::endl;
call    0 returned 1
call    1 returned 1
        1:   23:    cout << "In order to use it you have to choose one of the following options:\n";
call    0 returned 1
        2:   24:    while (running) {
        2:   24-block  0
branch  0 taken 1
branch  1 taken 1 (fallthrough)
        1:   25:        int option = 6;
        -:   26:        cout << "  1. Add a new car. \n"
        -:   27:                "  2. Delete a car. \n"
        -:   28:                "  3. Update a car. \n"
        -:   29:                "  4. Display all the cars.\n"
        -:   30:                "  5. Find a car by registration number.\n"
        -:   31:                "  6. Filter cars by producer.\n"
        -:   32:                "  7. Filter cars by type.\n"
        -:   33:                "  8. Sort cars by registration number.\n"
        -:   34:                "  9. Sort cars by type.\n"
        -:   35:                "  10. Sort cars by producer and model.\n"
        -:   36:                "  11. Create and display type report.\n"
        -:   37:                "  12. Access the menu for managing the cars that will be washed.\n"
        -:   38:                "  13. Undo the previous action.\n"
        1:   39:                "  14. Exit the application.\n";
        1:   39-block  0
call    0 returned 1
branch  1 taken 1 (fallthrough)
branch  2 taken 0 (throw)
        -:   40:        try {
        1:   41:            cin >> option;
        1:   41-block  0
call    0 returned 1
branch  1 taken 1 (fallthrough)
branch  2 taken 0 (throw)
    =====:   42:        } catch (...) {
    $$$$$:   42-block  0
    $$$$$:   42-block  1
call    0 never executed
    =====:   43:            cout << "The option is not an integer. Please input an integer." << std::endl;
call    0 never executed
branch  1 never executed
branch  2 never executed
    $$$$$:   43-block  0
call    3 never executed
branch  4 never executed
branch  5 never executed
    =====:   44:            continue;
    $$$$$:   44-block  0
    =====:   45:        }
    $$$$$:   45-block  0
call    0 never executed
branch  1 never executed
branch  2 never executed
    $$$$$:   45-block  1
call    3 never executed
        -:   46:        // variables required for adding a new car
        1:   47:        string newRegistrationNumber;
        1:   47-block  0
call    0 returned 1
        1:   48:        string registrationNumber;
call    0 returned 1
        1:   49:        string type;
call    0 returned 1
        1:   50:        string model;
call    0 returned 1
        1:   51:        string producer;
call    0 returned 1
        1:   52:        string producerToFilterBy;
call    0 returned 1
        1:   53:        std::unordered_map<string, TypeDTO> typeReport;
call    0 returned 1
        -:   54:
        1:   55:        switch (option) {
branch  0 taken 0
branch  1 taken 0
branch  2 taken 0
branch  3 taken 0
branch  4 taken 0
branch  5 taken 0
branch  6 taken 0
branch  7 taken 0
branch  8 taken 0
branch  9 taken 0
branch 10 taken 0
branch 11 taken 0
branch 12 taken 0
branch 13 taken 1
branch 14 taken 0
    #####:   56:            case 1:
        -:   57:                // get required fields from the user
    #####:   58:                cout << "Input the registration number of the car" << std::endl;
    %%%%%:   58-block  0
call    0 never executed
branch  1 never executed
branch  2 never executed
    %%%%%:   58-block  1
call    3 never executed
branch  4 never executed
branch  5 never executed
    #####:   59:                cin >> registrationNumber;
    %%%%%:   59-block  0
call    0 never executed
branch  1 never executed
branch  2 never executed
        -:   60:
    #####:   61:                cout << "Input the type of the car" << std::endl;
    %%%%%:   61-block  0
call    0 never executed
branch  1 never executed
branch  2 never executed
    %%%%%:   61-block  1
call    3 never executed
branch  4 never executed
branch  5 never executed
    #####:   62:                cin >> type;
    %%%%%:   62-block  0
call    0 never executed
branch  1 never executed
branch  2 never executed
        -:   63:
    #####:   64:                cout << "Input the model of the car" << std::endl;
    %%%%%:   64-block  0
call    0 never executed
branch  1 never executed
branch  2 never executed
    %%%%%:   64-block  1
call    3 never executed
branch  4 never executed
branch  5 never executed
    #####:   65:                cin >> model;
    %%%%%:   65-block  0
call    0 never executed
branch  1 never executed
branch  2 never executed
        -:   66:
    #####:   67:                cout << "Input the producer of the car" << std::endl;
    %%%%%:   67-block  0
call    0 never executed
branch  1 never executed
branch  2 never executed
    %%%%%:   67-block  1
call    3 never executed
branch  4 never executed
branch  5 never executed
    #####:   68:                cin >> producer;
    %%%%%:   68-block  0
call    0 never executed
branch  1 never executed
branch  2 never executed
        -:   69:
        -:   70:                // try to push_back the car
        -:   71:                try {
    #####:   72:                    this->carController.addNewCar(registrationNumber, type, model, producer);
    %%%%%:   72-block  0
call    0 never executed
branch  1 never executed
branch  2 never executed
    #####:   73:                    cout << "The car was added successfully" << endl;
    %%%%%:   73-block  0
call    0 never executed
branch  1 never executed
branch  2 never executed
    %%%%%:   73-block  1
call    3 never executed
branch  4 never executed
branch  5 never executed
        -:   74:                    // Save the data
    #####:   75:                    carController.saveData();
    %%%%%:   75-block  0
call    0 never executed
call    1 never executed
branch  2 never executed
branch  3 never executed
    %%%%%:   75-block  1
call    4 never executed
branch  5 never executed
branch  6 never executed
    %%%%%:   75-block  2
call    7 never executed
call    8 never executed
    $$$$$:   75-block  3
call    9 never executed
    $$$$$:   75-block  4
    $$$$$:   75-block  5
call   10 never executed
    $$$$$:   75-block  6
    =====:   76:                } catch (InvalidDataError& error) {
    $$$$$:   76-block  0
branch  0 never executed
branch  1 never executed
branch  2 never executed
    $$$$$:   76-block  1
call    3 never executed
    =====:   77:                    cout << error.getErrorMessage();
call    0 never executed
branch  1 never executed
branch  2 never executed
    $$$$$:   77-block  0
call    3 never executed
branch  4 never executed
branch  5 never executed
    $$$$$:   77-block  1
call    6 never executed
    $$$$$:   77-block  2
call    7 never executed
    $$$$$:   77-block  3
    =====:   78:                } catch (DuplicateDataError& error) {
call    0 never executed
branch  1 never executed
branch  2 never executed
    $$$$$:   78-block  0
call    3 never executed
    $$$$$:   78-block  1
call    4 never executed
    =====:   79:                    cout << error.getErrorMessage() << endl;
call    0 never executed
branch  1 never executed
branch  2 never executed
    $$$$$:   79-block  0
call    3 never executed
branch  4 never executed
branch  5 never executed
    $$$$$:   79-block  1
call    6 never executed
branch  7 never executed
branch  8 never executed
    $$$$$:   79-block  2
call    9 never executed
    $$$$$:   79-block  3
call   10 never executed
    $$$$$:   79-block  4
    =====:   80:                }
call    0 never executed
branch  1 never executed
branch  2 never executed
    $$$$$:   80-block  0
call    3 never executed
    #####:   81:                break;
    %%%%%:   81-block  0
    #####:   82:            case 2:
    #####:   83:                if (this->carController.getAllCars().size() == 0) {
    %%%%%:   83-block  0
call    0 never executed
branch  1 never executed
branch  2 never executed
    %%%%%:   83-block  1
call    3 never executed
branch  4 never executed
branch  5 never executed
    #####:   84:                    cout << "There are no cars to delete" << endl;
    %%%%%:   84-block  0
call    0 never executed
branch  1 never executed
branch  2 never executed
    %%%%%:   84-block  1
call    3 never executed
branch  4 never executed
branch  5 never executed
    #####:   85:                    break;
    %%%%%:   85-block  0
        -:   86:                }
    #####:   87:                this->displayCars(this->carController.getAllCars());
    %%%%%:   87-block  0
call    0 never executed
branch  1 never executed
branch  2 never executed
    %%%%%:   87-block  1
call    3 never executed
branch  4 never executed
branch  5 never executed
    #####:   88:                cout << "Input the registration number of the car that will be deleted:" << endl;
    %%%%%:   88-block  0
call    0 never executed
branch  1 never executed
branch  2 never executed
    %%%%%:   88-block  1
call    3 never executed
branch  4 never executed
branch  5 never executed
    #####:   89:                cin >> registrationNumber;
    %%%%%:   89-block  0
call    0 never executed
branch  1 never executed
branch  2 never executed
        -:   90:                try {
    #####:   91:                    this->carController.deleteCarByRegistrationNumber(registrationNumber);
    %%%%%:   91-block  0
call    0 never executed
branch  1 never executed
branch  2 never executed
    #####:   92:                    cout << "The car was deleted successfully!" << endl;
    %%%%%:   92-block  0
call    0 never executed
branch  1 never executed
branch  2 never executed
    %%%%%:   92-block  1
call    3 never executed
branch  4 never executed
branch  5 never executed
        -:   93:                    // Save the data
    #####:   94:                    carController.saveData();
    %%%%%:   94-block  0
call    0 never executed
call    1 never executed
branch  2 never executed
branch  3 never executed
    %%%%%:   94-block  1
call    4 never executed
branch  5 never executed
branch  6 never executed
    %%%%%:   94-block  2
call    7 never executed
call    8 never executed
    $$$$$:   94-block  3
call    9 never executed
    $$$$$:   94-block  4
    $$$$$:   94-block  5
call   10 never executed
    $$$$$:   94-block  6
    =====:   95:                } catch (CarNotFoundError& error) {
    $$$$$:   95-block  0
branch  0 never executed
branch  1 never executed
    $$$$$:   95-block  1
call    2 never executed
    =====:   96:                    cout << error.getErrorMessage() << endl;
call    0 never executed
branch  1 never executed
branch  2 never executed
    $$$$$:   96-block  0
call    3 never executed
branch  4 never executed
branch  5 never executed
    $$$$$:   96-block  1
call    6 never executed
branch  7 never executed
branch  8 never executed
    $$$$$:   96-block  2
call    9 never executed
    $$$$$:   96-block  3
call   10 never executed
    $$$$$:   96-block  4
    =====:   97:                }
call    0 never executed
branch  1 never executed
branch  2 never executed
    $$$$$:   97-block  0
call    3 never executed
    #####:   98:                break;
    %%%%%:   98-block  0
    #####:   99:            case 3:
    #####:  100:                if (this->carController.getAllCars().size() == 0) {
    %%%%%:  100-block  0
call    0 never executed
branch  1 never executed
branch  2 never executed
    %%%%%:  100-block  1
call    3 never executed
branch  4 never executed
branch  5 never executed
    #####:  101:                    cout << "There are no cars to update." <<endl;
    %%%%%:  101-block  0
call    0 never executed
branch  1 never executed
branch  2 never executed
    %%%%%:  101-block  1
call    3 never executed
branch  4 never executed
branch  5 never executed
    #####:  102:                    break;
    %%%%%:  102-block  0
        -:  103:                }
    #####:  104:                UI::displayCars(this->carController.getAllCars());
    %%%%%:  104-block  0
call    0 never executed
branch  1 never executed
branch  2 never executed
    %%%%%:  104-block  1
call    3 never executed
branch  4 never executed
branch  5 never executed
        -:  105:
    #####:  106:                cout << "Input the registration number of the car that will be updated." << endl;
    %%%%%:  106-block  0
call    0 never executed
branch  1 never executed
branch  2 never executed
    %%%%%:  106-block  1
call    3 never executed
branch  4 never executed
branch  5 never executed
    #####:  107:                cin >> registrationNumber;
    %%%%%:  107-block  0
call    0 never executed
branch  1 never executed
branch  2 never executed
        -:  108:
    #####:  109:                cout << "Input the updated registration number." << endl;
    %%%%%:  109-block  0
call    0 never executed
branch  1 never executed
branch  2 never executed
    %%%%%:  109-block  1
call    3 never executed
branch  4 never executed
branch  5 never executed
    #####:  110:                cin >> newRegistrationNumber;
    %%%%%:  110-block  0
call    0 never executed
branch  1 never executed
branch  2 never executed
        -:  111:
    #####:  112:                cout << "Input the updated type." << endl;
    %%%%%:  112-block  0
call    0 never executed
branch  1 never executed
branch  2 never executed
    %%%%%:  112-block  1
call    3 never executed
branch  4 never executed
branch  5 never executed
    #####:  113:                cin >> type;
    %%%%%:  113-block  0
call    0 never executed
branch  1 never executed
branch  2 never executed
        -:  114:
    #####:  115:                cout << "Input the updated model." << endl;
    %%%%%:  115-block  0
call    0 never executed
branch  1 never executed
branch  2 never executed
    %%%%%:  115-block  1
call    3 never executed
branch  4 never executed
branch  5 never executed
    #####:  116:                cin >> model;
    %%%%%:  116-block  0
call    0 never executed
branch  1 never executed
branch  2 never executed
        -:  117:
    #####:  118:                cout << "Input the updated producer." << endl;
    %%%%%:  118-block  0
call    0 never executed
branch  1 never executed
branch  2 never executed
    %%%%%:  118-block  1
call    3 never executed
branch  4 never executed
branch  5 never executed
    #####:  119:                cin >> producer;
    %%%%%:  119-block  0
call    0 never executed
branch  1 never executed
branch  2 never executed
        -:  120:
        -:  121:                try {
    #####:  122:                    this->carController.updateCarByRegistrationNumber(registrationNumber, newRegistrationNumber, type,
    %%%%%:  122-block  0
call    0 never executed
branch  1 never executed
branch  2 never executed
        -:  123:                            model, producer);
    #####:  124:                    cout << "The car was updated successfully." << endl;
    %%%%%:  124-block  0
call    0 never executed
branch  1 never executed
branch  2 never executed
    %%%%%:  124-block  1
call    3 never executed
branch  4 never executed
branch  5 never executed
        -:  125:                    // Save the data
    #####:  126:                    carController.saveData();
    %%%%%:  126-block  0
call    0 never executed
call    1 never executed
branch  2 never executed
branch  3 never executed
    %%%%%:  126-block  1
call    4 never executed
branch  5 never executed
branch  6 never executed
    %%%%%:  126-block  2
call    7 never executed
call    8 never executed
    $$$$$:  126-block  3
call    9 never executed
    $$$$$:  126-block  4
    $$$$$:  126-block  5
call   10 never executed
    $$$$$:  126-block  6
    =====:  127:                } catch (InvalidDataError& error) {
    $$$$$:  127-block  0
branch  0 never executed
branch  1 never executed
branch  2 never executed
    $$$$$:  127-block  1
call    3 never executed
    =====:  128:                    cout << error.getErrorMessage();
call    0 never executed
branch  1 never executed
branch  2 never executed
    $$$$$:  128-block  0
call    3 never executed
branch  4 never executed
branch  5 never executed
    $$$$$:  128-block  1
call    6 never executed
    $$$$$:  128-block  2
call    7 never executed
    $$$$$:  128-block  3
    =====:  129:                } catch (DuplicateDataError& error) {
call    0 never executed
branch  1 never executed
branch  2 never executed
    $$$$$:  129-block  0
call    3 never executed
    $$$$$:  129-block  1
call    4 never executed
    =====:  130:                    cout << error.getErrorMessage() << endl;
call    0 never executed
branch  1 never executed
branch  2 never executed
    $$$$$:  130-block  0
call    3 never executed
branch  4 never executed
branch  5 never executed
    $$$$$:  130-block  1
call    6 never executed
branch  7 never executed
branch  8 never executed
    $$$$$:  130-block  2
call    9 never executed
    $$$$$:  130-block  3
call   10 never executed
    $$$$$:  130-block  4
    =====:  131:                }
call    0 never executed
branch  1 never executed
branch  2 never executed
    $$$$$:  131-block  0
call    3 never executed
    #####:  132:                break;
    %%%%%:  132-block  0
    #####:  133:            case 4:
    #####:  134:                if (carController.getAllCars().empty()) {
    %%%%%:  134-block  0
call    0 never executed
branch  1 never executed
branch  2 never executed
    %%%%%:  134-block  1
call    3 never executed
branch  4 never executed
branch  5 never executed
    #####:  135:                    cout << "There are no cars to display" << endl;
    %%%%%:  135-block  0
call    0 never executed
branch  1 never executed
branch  2 never executed
    %%%%%:  135-block  1
call    3 never executed
branch  4 never executed
branch  5 never executed
        -:  136:                } else {
    #####:  137:                    UI::displayCars(carController.getAllCars());
    %%%%%:  137-block  0
call    0 never executed
branch  1 never executed
branch  2 never executed
    %%%%%:  137-block  1
call    3 never executed
branch  4 never executed
branch  5 never executed
        -:  138:                }
    #####:  139:                break;
    %%%%%:  139-block  0
    #####:  140:            case 5:
    #####:  141:                if (this->carController.getAllCars().empty()) {
    %%%%%:  141-block  0
call    0 never executed
branch  1 never executed
branch  2 never executed
    %%%%%:  141-block  1
call    3 never executed
branch  4 never executed
branch  5 never executed
    #####:  142:                    cout << "There are no cars." << endl;
    %%%%%:  142-block  0
call    0 never executed
branch  1 never executed
branch  2 never executed
    %%%%%:  142-block  1
call    3 never executed
branch  4 never executed
branch  5 never executed
    #####:  143:                    break;
    %%%%%:  143-block  0
        -:  144:                }
    #####:  145:                cout << "Input the registration number of the car you are looking for." << endl;
    %%%%%:  145-block  0
call    0 never executed
branch  1 never executed
branch  2 never executed
    %%%%%:  145-block  1
call    3 never executed
branch  4 never executed
branch  5 never executed
    #####:  146:                cin >> registrationNumber;
    %%%%%:  146-block  0
call    0 never executed
branch  1 never executed
branch  2 never executed
        -:  147:                try {
    #####:  148:                    Car foundCar = this->carController.findCarByRegistrationNumber(registrationNumber);
    %%%%%:  148-block  0
call    0 never executed
branch  1 never executed
branch  2 never executed
    #####:  149:                    std::vector<Car> displayCar;
    %%%%%:  149-block  0
call    0 never executed
    #####:  150:                    displayCar.push_back(foundCar);
call    0 never executed
branch  1 never executed
branch  2 never executed
    #####:  151:                    UI::displayCars(displayCar);
    %%%%%:  151-block  0
call    0 never executed
branch  1 never executed
branch  2 never executed
    #####:  152:                } catch (CarNotFoundError& error) {
    %%%%%:  152-block  0
call    0 never executed
call    1 never executed
    $$$$$:  152-block  1
call    2 never executed
    $$$$$:  152-block  2
call    3 never executed
    $$$$$:  152-block  3
branch  4 never executed
branch  5 never executed
    $$$$$:  152-block  4
call    6 never executed
    =====:  153:                    cout << error.getErrorMessage() << endl;
call    0 never executed
branch  1 never executed
branch  2 never executed
    $$$$$:  153-block  0
call    3 never executed
branch  4 never executed
branch  5 never executed
    $$$$$:  153-block  1
call    6 never executed
branch  7 never executed
branch  8 never executed
    $$$$$:  153-block  2
call    9 never executed
    $$$$$:  153-block  3
call   10 never executed
    $$$$$:  153-block  4
    =====:  154:                }
call    0 never executed
branch  1 never executed
branch  2 never executed
    $$$$$:  154-block  0
call    3 never executed
    #####:  155:                break;
    %%%%%:  155-block  0
    #####:  156:            case 6:
    #####:  157:                if (this->carController.getAllCars().empty()) {
    %%%%%:  157-block  0
call    0 never executed
branch  1 never executed
branch  2 never executed
    %%%%%:  157-block  1
call    3 never executed
branch  4 never executed
branch  5 never executed
    #####:  158:                    cout << "There are no cars to filter." << endl;
    %%%%%:  158-block  0
call    0 never executed
branch  1 never executed
branch  2 never executed
    %%%%%:  158-block  1
call    3 never executed
branch  4 never executed
branch  5 never executed
    #####:  159:                    break;
    %%%%%:  159-block  0
        -:  160:                }
        -:  161:
    #####:  162:                cout << "Input the producer of the car." << endl;
    %%%%%:  162-block  0
call    0 never executed
branch  1 never executed
branch  2 never executed
    %%%%%:  162-block  1
call    3 never executed
branch  4 never executed
branch  5 never executed
    #####:  163:                cin >> producer;
    %%%%%:  163-block  0
call    0 never executed
branch  1 never executed
branch  2 never executed
        -:  164:
        -:  165:                {
    #####:  166:                    std::vector<Car> filteredCars = carController.filter(producer, filterByProducer);
    %%%%%:  166-block  0
call    0 never executed
branch  1 never executed
branch  2 never executed
    %%%%%:  166-block  1
call    3 never executed
branch  4 never executed
branch  5 never executed
    $$$$$:  166-block  2
    #####:  167:                    if (filteredCars.empty()) {
call    0 never executed
branch  1 never executed
branch  2 never executed
    #####:  168:                        cout << "There are no cars with the input producer." << endl;
    %%%%%:  168-block  0
call    0 never executed
branch  1 never executed
branch  2 never executed
    %%%%%:  168-block  1
call    3 never executed
branch  4 never executed
branch  5 never executed
        -:  169:                    } else {
    #####:  170:                        displayCars(filteredCars);
    %%%%%:  170-block  0
call    0 never executed
branch  1 never executed
branch  2 never executed
        -:  171:                    }
    #####:  172:                }
    %%%%%:  172-block  0
call    0 never executed
    $$$$$:  172-block  1
call    1 never executed
    #####:  173:                break;
    #####:  174:            case 7:
    #####:  175:                if (this->carController.getAllCars().empty()) {
    %%%%%:  175-block  0
call    0 never executed
branch  1 never executed
branch  2 never executed
    %%%%%:  175-block  1
call    3 never executed
branch  4 never executed
branch  5 never executed
    #####:  176:                    cout << "There are no cars to filter." << endl;
    %%%%%:  176-block  0
call    0 never executed
branch  1 never executed
branch  2 never executed
    %%%%%:  176-block  1
call    3 never executed
branch  4 never executed
branch  5 never executed
    #####:  177:                    break;
    %%%%%:  177-block  0
        -:  178:                }
        -:  179:
    #####:  180:                cout << "Input the type of the car." << endl;
    %%%%%:  180-block  0
call    0 never executed
branch  1 never executed
branch  2 never executed
    %%%%%:  180-block  1
call    3 never executed
branch  4 never executed
branch  5 never executed
    #####:  181:                cin >> type;
    %%%%%:  181-block  0
call    0 never executed
branch  1 never executed
branch  2 never executed
        -:  182:
        -:  183:                {
    #####:  184:                    std::vector<Car> filteredCars = carController.filter(type, filterByType);
    %%%%%:  184-block  0
call    0 never executed
branch  1 never executed
branch  2 never executed
    %%%%%:  184-block  1
call    3 never executed
branch  4 never executed
branch  5 never executed
    $$$$$:  184-block  2
    #####:  185:                    if (filteredCars.empty()) {
call    0 never executed
branch  1 never executed
branch  2 never executed
    #####:  186:                        cout << "There are no cars with the input type." << endl;
    %%%%%:  186-block  0
call    0 never executed
branch  1 never executed
branch  2 never executed
    %%%%%:  186-block  1
call    3 never executed
branch  4 never executed
branch  5 never executed
        -:  187:                    } else {
    #####:  188:                        displayCars(filteredCars);
    %%%%%:  188-block  0
call    0 never executed
branch  1 never executed
branch  2 never executed
        -:  189:                    }
    #####:  190:                }
    %%%%%:  190-block  0
call    0 never executed
    $$$$$:  190-block  1
call    1 never executed
    #####:  191:                break;
    #####:  192:            case 8:
    #####:  193:                if (this->carController.getAllCars().size() == 0) {
    %%%%%:  193-block  0
call    0 never executed
branch  1 never executed
branch  2 never executed
    %%%%%:  193-block  1
call    3 never executed
branch  4 never executed
branch  5 never executed
    #####:  194:                    cout << "There are no cars to sort." << endl;
    %%%%%:  194-block  0
call    0 never executed
branch  1 never executed
branch  2 never executed
    %%%%%:  194-block  1
call    3 never executed
branch  4 never executed
branch  5 never executed
    #####:  195:                    break;
    %%%%%:  195-block  0
        -:  196:                }
    #####:  197:                cout << "Input sorting order: ASC / DESC." <<endl;
    %%%%%:  197-block  0
call    0 never executed
branch  1 never executed
branch  2 never executed
    %%%%%:  197-block  1
call    3 never executed
branch  4 never executed
branch  5 never executed
        -:  198:                {
    #####:  199:                    string ordering;
    %%%%%:  199-block  0
call    0 never executed
    #####:  200:                    cin >> ordering;
call    0 never executed
branch  1 never executed
branch  2 never executed
    #####:  201:                    if (ordering != "ASC" && ordering != "DESC") {
    %%%%%:  201-block  0
call    0 never executed
branch  1 never executed
branch  2 never executed
    %%%%%:  201-block  1
branch  3 never executed
branch  4 never executed
    %%%%%:  201-block  2
call    5 never executed
branch  6 never executed
branch  7 never executed
    %%%%%:  201-block  3
branch  8 never executed
branch  9 never executed
    %%%%%:  201-block  4
    %%%%%:  201-block  5
    %%%%%:  201-block  6
branch 10 never executed
branch 11 never executed
    #####:  202:                        cout << "Invalid sorting order." << endl;
    %%%%%:  202-block  0
call    0 never executed
branch  1 never executed
branch  2 never executed
    %%%%%:  202-block  1
call    3 never executed
branch  4 never executed
branch  5 never executed
    #####:  203:                        break;
    %%%%%:  203-block  0
        -:  204:                    }
    #####:  205:                    displayCars(carController.sort(carController.getAllCars(), ordering, sortCarsByRegistrationNumber));
    %%%%%:  205-block  0
call    0 never executed
branch  1 never executed
branch  2 never executed
    %%%%%:  205-block  1
call    3 never executed
branch  4 never executed
branch  5 never executed
    %%%%%:  205-block  2
call    6 never executed
branch  7 never executed
branch  8 never executed
    %%%%%:  205-block  3
call    9 never executed
    $$$$$:  205-block  4
call   10 never executed
    $$$$$:  205-block  5
    #####:  206:                }
    %%%%%:  206-block  0
call    0 never executed
branch  1 never executed
branch  2 never executed
    $$$$$:  206-block  1
call    3 never executed
    #####:  207:                break;
    %%%%%:  207-block  0
    #####:  208:            case 9:
    #####:  209:                if (this->carController.getAllCars().empty()) {
    %%%%%:  209-block  0
call    0 never executed
branch  1 never executed
branch  2 never executed
    %%%%%:  209-block  1
call    3 never executed
branch  4 never executed
branch  5 never executed
    #####:  210:                    cout << "There are no cars to sort." << endl;
    %%%%%:  210-block  0
call    0 never executed
branch  1 never executed
branch  2 never executed
    %%%%%:  210-block  1
call    3 never executed
branch  4 never executed
branch  5 never executed
    #####:  211:                    break;
    %%%%%:  211-block  0
        -:  212:                }
    #####:  213:                cout << "Input sorting order: ASC / DESC." <<endl;
    %%%%%:  213-block  0
call    0 never executed
branch  1 never executed
branch  2 never executed
    %%%%%:  213-block  1
call    3 never executed
branch  4 never executed
branch  5 never executed
        -:  214:                {
    #####:  215:                    string ordering;
    %%%%%:  215-block  0
call    0 never executed
    #####:  216:                    cin >> ordering;
call    0 never executed
branch  1 never executed
branch  2 never executed
    #####:  217:                    if (ordering != "ASC" && ordering != "DESC") {
    %%%%%:  217-block  0
call    0 never executed
branch  1 never executed
branch  2 never executed
    %%%%%:  217-block  1
branch  3 never executed
branch  4 never executed
    %%%%%:  217-block  2
call    5 never executed
branch  6 never executed
branch  7 never executed
    %%%%%:  217-block  3
branch  8 never executed
branch  9 never executed
    %%%%%:  217-block  4
    %%%%%:  217-block  5
    %%%%%:  217-block  6
branch 10 never executed
branch 11 never executed
    #####:  218:                        cout << "Invalid sorting order." << endl;
    %%%%%:  218-block  0
call    0 never executed
branch  1 never executed
branch  2 never executed
    %%%%%:  218-block  1
call    3 never executed
branch  4 never executed
branch  5 never executed
    #####:  219:                        break;
    %%%%%:  219-block  0
        -:  220:                    }
    #####:  221:                    displayCars(carController.sort(carController.getAllCars(), ordering, sortCarsByType));
    %%%%%:  221-block  0
call    0 never executed
branch  1 never executed
branch  2 never executed
    %%%%%:  221-block  1
call    3 never executed
branch  4 never executed
branch  5 never executed
    %%%%%:  221-block  2
call    6 never executed
branch  7 never executed
branch  8 never executed
    %%%%%:  221-block  3
call    9 never executed
    $$$$$:  221-block  4
call   10 never executed
    $$$$$:  221-block  5
    #####:  222:                }
    %%%%%:  222-block  0
call    0 never executed
branch  1 never executed
branch  2 never executed
    $$$$$:  222-block  1
call    3 never executed
    #####:  223:                break;
    %%%%%:  223-block  0
    #####:  224:            case 10:
    #####:  225:                if (this->carController.getAllCars().empty()) {
    %%%%%:  225-block  0
call    0 never executed
branch  1 never executed
branch  2 never executed
    %%%%%:  225-block  1
call    3 never executed
branch  4 never executed
branch  5 never executed
    #####:  226:                    cout << "There are no cars to sort." << endl;
    %%%%%:  226-block  0
call    0 never executed
branch  1 never executed
branch  2 never executed
    %%%%%:  226-block  1
call    3 never executed
branch  4 never executed
branch  5 never executed
    #####:  227:                    break;
    %%%%%:  227-block  0
        -:  228:                }
    #####:  229:                cout << "Input sorting order: ASC / DESC." <<endl;
    %%%%%:  229-block  0
call    0 never executed
branch  1 never executed
branch  2 never executed
    %%%%%:  229-block  1
call    3 never executed
branch  4 never executed
branch  5 never executed
        -:  230:                {
    #####:  231:                    string ordering;
    %%%%%:  231-block  0
call    0 never executed
    #####:  232:                    cin >> ordering;
call    0 never executed
branch  1 never executed
branch  2 never executed
    #####:  233:                    if (ordering != "ASC" && ordering != "DESC") {
    %%%%%:  233-block  0
call    0 never executed
branch  1 never executed
branch  2 never executed
    %%%%%:  233-block  1
branch  3 never executed
branch  4 never executed
    %%%%%:  233-block  2
call    5 never executed
branch  6 never executed
branch  7 never executed
    %%%%%:  233-block  3
branch  8 never executed
branch  9 never executed
    %%%%%:  233-block  4
    %%%%%:  233-block  5
    %%%%%:  233-block  6
branch 10 never executed
branch 11 never executed
    #####:  234:                        cout << "Invalid sorting order." << endl;
    %%%%%:  234-block  0
call    0 never executed
branch  1 never executed
branch  2 never executed
    %%%%%:  234-block  1
call    3 never executed
branch  4 never executed
branch  5 never executed
    #####:  235:                        break;
    %%%%%:  235-block  0
        -:  236:                    }
    #####:  237:                    displayCars(carController.sort(carController.getAllCars(), ordering, sortCarsByProducerAndModel));
    %%%%%:  237-block  0
call    0 never executed
branch  1 never executed
branch  2 never executed
    %%%%%:  237-block  1
call    3 never executed
branch  4 never executed
branch  5 never executed
    %%%%%:  237-block  2
call    6 never executed
branch  7 never executed
branch  8 never executed
    %%%%%:  237-block  3
call    9 never executed
    $$$$$:  237-block  4
call   10 never executed
    $$$$$:  237-block  5
    #####:  238:                }
    %%%%%:  238-block  0
call    0 never executed
branch  1 never executed
branch  2 never executed
    $$$$$:  238-block  1
call    3 never executed
    #####:  239:                break;
    %%%%%:  239-block  0
    #####:  240:            case 11:
        -:  241:                // Check if there are any cars
    #####:  242:                if (carController.getAllCars().empty()) {
    %%%%%:  242-block  0
call    0 never executed
branch  1 never executed
branch  2 never executed
    %%%%%:  242-block  1
call    3 never executed
branch  4 never executed
branch  5 never executed
    #####:  243:                    cout << "There are no cars." << endl;
    %%%%%:  243-block  0
call    0 never executed
branch  1 never executed
branch  2 never executed
    %%%%%:  243-block  1
call    3 never executed
branch  4 never executed
branch  5 never executed
    #####:  244:                    break;
    %%%%%:  244-block  0
        -:  245:                }
        -:  246:
        -:  247:                // Create the report and display it
    #####:  248:                typeReport = carController.createTypeReport();
    %%%%%:  248-block  0
call    0 never executed
branch  1 never executed
branch  2 never executed
    %%%%%:  248-block  1
call    3 never executed
call    4 never executed
    #####:  249:                displayTypeReport(typeReport);
call    0 never executed
branch  1 never executed
branch  2 never executed
    #####:  250:                break;
    %%%%%:  250-block  0
    #####:  251:            case 12:
    #####:  252:                carsToWashMenu();
    %%%%%:  252-block  0
call    0 never executed
branch  1 never executed
branch  2 never executed
    #####:  253:                break;
    %%%%%:  253-block  0
    #####:  254:            case 13:
        -:  255:                try {
    #####:  256:                    carController.undo();
    %%%%%:  256-block  0
call    0 never executed
branch  1 never executed
branch  2 never executed
    #####:  257:                    cout << "The previous action was undone successfully." << endl;
    %%%%%:  257-block  0
call    0 never executed
branch  1 never executed
branch  2 never executed
    %%%%%:  257-block  1
call    3 never executed
branch  4 never executed
branch  5 never executed
        -:  258:                    // Save the data
    #####:  259:                    carController.saveData();
    %%%%%:  259-block  0
call    0 never executed
call    1 never executed
branch  2 never executed
branch  3 never executed
    %%%%%:  259-block  1
call    4 never executed
branch  5 never executed
branch  6 never executed
    %%%%%:  259-block  2
call    7 never executed
call    8 never executed
    $$$$$:  259-block  3
call    9 never executed
    $$$$$:  259-block  4
    $$$$$:  259-block  5
call   10 never executed
    $$$$$:  259-block  6
    =====:  260:                } catch (UndoError& e) {
    $$$$$:  260-block  0
branch  0 never executed
branch  1 never executed
    $$$$$:  260-block  1
call    2 never executed
    =====:  261:                    cout << e.getErrorMessage() << endl;
call    0 never executed
branch  1 never executed
branch  2 never executed
    $$$$$:  261-block  0
call    3 never executed
branch  4 never executed
branch  5 never executed
    $$$$$:  261-block  1
call    6 never executed
branch  7 never executed
branch  8 never executed
    $$$$$:  261-block  2
call    9 never executed
    $$$$$:  261-block  3
call   10 never executed
    $$$$$:  261-block  4
    =====:  262:                }
call    0 never executed
branch  1 never executed
branch  2 never executed
    $$$$$:  262-block  0
call    3 never executed
    #####:  263:                break;
    %%%%%:  263-block  0
        1:  264:            case 14:
        1:  265:                running = false;
        1:  266:                cout << "Thank you for using this application." << endl;
        1:  266-block  0
call    0 returned 1
branch  1 taken 1 (fallthrough)
branch  2 taken 0 (throw)
        1:  266-block  1
call    3 returned 1
branch  4 taken 1 (fallthrough)
branch  5 taken 0 (throw)
        1:  267:                break;
        1:  267-block  0
    #####:  268:            default:
    #####:  269:                cout << "The input option is not valid." << endl;
    %%%%%:  269-block  0
call    0 never executed
branch  1 never executed
branch  2 never executed
    %%%%%:  269-block  1
call    3 never executed
branch  4 never executed
branch  5 never executed
    #####:  270:                break;
    %%%%%:  270-block  0
        -:  271:        }
        -:  272:
        1:  273:    }
        1:  273-block  0
call    0 returned 1
call    1 returned 1
call    2 returned 1
call    3 returned 1
call    4 returned 1
call    5 returned 1
call    6 returned 1
    $$$$$:  273-block  1
call    7 never executed
    $$$$$:  273-block  2
call    8 never executed
    $$$$$:  273-block  3
call    9 never executed
    $$$$$:  273-block  4
call   10 never executed
    $$$$$:  273-block  5
call   11 never executed
    $$$$$:  273-block  6
call   12 never executed
    $$$$$:  273-block  7
call   13 never executed
        1:  274:}
        1:  274-block  0
        -:  275:
function _ZN2UI11displayCarsERKSt6vectorI3CarSaIS1_EE called 0 returned 0% blocks executed 0%
    #####:  276:void UI::displayCars(const std::vector<Car>& cars) {
    #####:  277:    printf("+------------------------+-------------------+-------------------+-------------------+\n");
    %%%%%:  277-block  0
call    0 never executed
    #####:  278:    printf("|  %-20s  |  %-15s  |  %-15s  |  %-15s  |\n", "Registration Number", "Type", "Model", "Producer");
call    0 never executed
    #####:  279:    printf("+------------------------+-------------------+-------------------+-------------------+\n");
call    0 never executed
        -:  280:
    #####:  281:    for (auto& car: cars) {
call    0 never executed
call    1 never executed
    %%%%%:  281-block  0
call    2 never executed
    %%%%%:  281-block  1
call    3 never executed
    %%%%%:  281-block  2
call    4 never executed
branch  5 never executed
branch  6 never executed
    #####:  282:        printf("|  %-20s  |  %-15s  |  %-15s  |  %-15s  |\n", car.getRegistrationNumber().c_str(), car.getType().c_str(), car.getModel().c_str(), car.getProducer().c_str());
call    0 never executed
branch  1 never executed
branch  2 never executed
    %%%%%:  282-block  0
call    3 never executed
call    4 never executed
branch  5 never executed
branch  6 never executed
    %%%%%:  282-block  1
call    7 never executed
call    8 never executed
branch  9 never executed
branch 10 never executed
    %%%%%:  282-block  2
call   11 never executed
call   12 never executed
branch 13 never executed
branch 14 never executed
    %%%%%:  282-block  3
call   15 never executed
call   16 never executed
branch 17 never executed
branch 18 never executed
    %%%%%:  282-block  4
call   19 never executed
call   20 never executed
call   21 never executed
call   22 never executed
    $$$$$:  282-block  5
call   23 never executed
    $$$$$:  282-block  6
    $$$$$:  282-block  7
call   24 never executed
    $$$$$:  282-block  8
    $$$$$:  282-block  9
call   25 never executed
    $$$$$:  282-block 10
    $$$$$:  282-block 11
call   26 never executed
    $$$$$:  282-block 12
    #####:  283:        printf("+------------------------+-------------------+-------------------+-------------------+\n");
call    0 never executed
branch  1 never executed
branch  2 never executed
        -:  284:    }
    #####:  285:    if (cars.size() == 0) {
    %%%%%:  285-block  0
call    0 never executed
branch  1 never executed
branch  2 never executed
    #####:  286:        printf("|  %-20s  |  %-15s  |  %-15s  |  %-15s  |\n", " ", " ", " ", " ");
    %%%%%:  286-block  0
call    0 never executed
    #####:  287:        printf("+------------------------+-------------------+-------------------+-------------------+\n");
call    0 never executed
        -:  288:
        -:  289:    }
    #####:  290:}
    %%%%%:  290-block  0
        -:  291:
function _ZN2UI14carsToWashMenuEv called 0 returned 0% blocks executed 0%
    #####:  292:void UI::carsToWashMenu() {
    #####:  293:    cout << "This is the menu for managing the cars that will be washed." << endl;
    %%%%%:  293-block  0
call    0 never executed
branch  1 never executed
branch  2 never executed
    %%%%%:  293-block  1
call    3 never executed
branch  4 never executed
branch  5 never executed
    #####:  294:    cout << "In order to use it you have to choose one of the following options:\n";
    %%%%%:  294-block  0
call    0 never executed
branch  1 never executed
branch  2 never executed
        -:  295:    cout << "  1. Add a car in the list by the registration number.\n"
        -:  296:            "  2. Empty the list.\n"
        -:  297:            "  3. Add random cars until the list has a certain number of cars.\n"
        -:  298:            "  4. Export the list as a CSV or HTML.\n"
    #####:  299:            "  5. Exit the menu.\n";
    %%%%%:  299-block  0
call    0 never executed
branch  1 never executed
branch  2 never executed
        -:  300:    int option;
        -:  301:    while (true) {
    #####:  302:        cout << "Choose an option." << endl;
    %%%%%:  302-block  0
call    0 never executed
branch  1 never executed
branch  2 never executed
    %%%%%:  302-block  1
call    3 never executed
branch  4 never executed
branch  5 never executed
        -:  303:        try {
    #####:  304:            cin >> option;
    %%%%%:  304-block  0
call    0 never executed
branch  1 never executed
branch  2 never executed
    #####:  305:            if (option < 1 || option > 5) {
    %%%%%:  305-block  0
branch  0 never executed
branch  1 never executed
    %%%%%:  305-block  1
branch  2 never executed
branch  3 never executed
    #####:  306:                throw std::exception();
    %%%%%:  306-block  0
call    0 never executed
call    1 never executed
call    2 never executed
        -:  307:            }
    =====:  308:        } catch (...) {
    $$$$$:  308-block  0
    $$$$$:  308-block  1
call    0 never executed
    =====:  309:            cout << "The input option is not valid, please input a valid action." << std::endl;
call    0 never executed
branch  1 never executed
branch  2 never executed
    $$$$$:  309-block  0
call    3 never executed
branch  4 never executed
branch  5 never executed
    =====:  310:            continue;
    $$$$$:  310-block  0
    =====:  311:        }
    $$$$$:  311-block  0
call    0 never executed
branch  1 never executed
branch  2 never executed
    $$$$$:  311-block  1
call    3 never executed
    #####:  312:        string registrationNumber;
    %%%%%:  312-block  0
call    0 never executed
        -:  313:        int totalNumberOfCars;
    #####:  314:        string exportFormat;
call    0 never executed
    #####:  315:        string fileName;
call    0 never executed
        -:  316:
    #####:  317:        switch (option) {
branch  0 never executed
branch  1 never executed
branch  2 never executed
branch  3 never executed
branch  4 never executed
branch  5 never executed
    #####:  318:            case 1:
    #####:  319:                displayCars(carController.getAllCars());
    %%%%%:  319-block  0
call    0 never executed
branch  1 never executed
branch  2 never executed
    %%%%%:  319-block  1
call    3 never executed
branch  4 never executed
branch  5 never executed
    #####:  320:                cout << "Input the registration number of the car." << endl;
    %%%%%:  320-block  0
call    0 never executed
branch  1 never executed
branch  2 never executed
    %%%%%:  320-block  1
call    3 never executed
branch  4 never executed
branch  5 never executed
    #####:  321:                cin >> registrationNumber;
    %%%%%:  321-block  0
call    0 never executed
branch  1 never executed
branch  2 never executed
        -:  322:                try {
    #####:  323:                    carsToWashController.addCarToWashRepository(registrationNumber);
    %%%%%:  323-block  0
call    0 never executed
branch  1 never executed
branch  2 never executed
    #####:  324:                    cout << "The car was added to the list successfully." << endl;
    %%%%%:  324-block  0
call    0 never executed
branch  1 never executed
branch  2 never executed
    %%%%%:  324-block  1
call    3 never executed
branch  4 never executed
branch  5 never executed
    =====:  325:                } catch (CarNotFoundError& error) {
    $$$$$:  325-block  0
branch  0 never executed
branch  1 never executed
branch  2 never executed
    $$$$$:  325-block  1
call    3 never executed
    =====:  326:                    cout << error.getErrorMessage() << endl;
call    0 never executed
branch  1 never executed
branch  2 never executed
    $$$$$:  326-block  0
call    3 never executed
branch  4 never executed
branch  5 never executed
    $$$$$:  326-block  1
call    6 never executed
branch  7 never executed
branch  8 never executed
    $$$$$:  326-block  2
call    9 never executed
    $$$$$:  326-block  3
call   10 never executed
    $$$$$:  326-block  4
    =====:  327:                } catch (DuplicateDataError& error) {
call    0 never executed
branch  1 never executed
branch  2 never executed
    $$$$$:  327-block  0
call    3 never executed
    $$$$$:  327-block  1
call    4 never executed
    =====:  328:                    cout << error.getErrorMessage() << endl;
call    0 never executed
branch  1 never executed
branch  2 never executed
    $$$$$:  328-block  0
call    3 never executed
branch  4 never executed
branch  5 never executed
    $$$$$:  328-block  1
call    6 never executed
branch  7 never executed
branch  8 never executed
    $$$$$:  328-block  2
call    9 never executed
    $$$$$:  328-block  3
call   10 never executed
    $$$$$:  328-block  4
    =====:  329:                }
call    0 never executed
branch  1 never executed
branch  2 never executed
    $$$$$:  329-block  0
call    3 never executed
    #####:  330:                break;
    %%%%%:  330-block  0
    #####:  331:            case 2:
    #####:  332:                carsToWashController.emptyRepository();
    %%%%%:  332-block  0
call    0 never executed
branch  1 never executed
branch  2 never executed
    #####:  333:                cout << "The list was emptied successfully." << endl;
    %%%%%:  333-block  0
call    0 never executed
branch  1 never executed
branch  2 never executed
    %%%%%:  333-block  1
call    3 never executed
branch  4 never executed
branch  5 never executed
    #####:  334:                break;
    %%%%%:  334-block  0
    #####:  335:            case 3:
    #####:  336:                cout << "Input the total number of cars that will be in the list." << endl;
    %%%%%:  336-block  0
call    0 never executed
branch  1 never executed
branch  2 never executed
    %%%%%:  336-block  1
call    3 never executed
branch  4 never executed
branch  5 never executed
        -:  337:                try {
    #####:  338:                    cin >> totalNumberOfCars;
    %%%%%:  338-block  0
call    0 never executed
branch  1 never executed
branch  2 never executed
    =====:  339:                } catch (...) {
    $$$$$:  339-block  0
    $$$$$:  339-block  1
call    0 never executed
    =====:  340:                    cout << "The input is not an integer." << endl;
call    0 never executed
branch  1 never executed
branch  2 never executed
    $$$$$:  340-block  0
call    3 never executed
branch  4 never executed
branch  5 never executed
    =====:  341:                    break;
    $$$$$:  341-block  0
    =====:  342:                }
    $$$$$:  342-block  0
call    0 never executed
branch  1 never executed
branch  2 never executed
    $$$$$:  342-block  1
call    3 never executed
        -:  343:
    #####:  344:                if (totalNumberOfCars < carsToWashController.GetAllCars().size()) {
    %%%%%:  344-block  0
call    0 never executed
branch  1 never executed
branch  2 never executed
    %%%%%:  344-block  1
call    3 never executed
call    4 never executed
branch  5 never executed
branch  6 never executed
    #####:  345:                    cout << "The list already has more cars than the input number." << endl;
    %%%%%:  345-block  0
call    0 never executed
branch  1 never executed
branch  2 never executed
    %%%%%:  345-block  1
call    3 never executed
branch  4 never executed
branch  5 never executed
    #####:  346:                    break;
    %%%%%:  346-block  0
        -:  347:                }
        -:  348:
    #####:  349:                if (totalNumberOfCars > carController.getAllCars().size()) {
    %%%%%:  349-block  0
call    0 never executed
branch  1 never executed
branch  2 never executed
    %%%%%:  349-block  1
call    3 never executed
branch  4 never executed
branch  5 never executed
    #####:  350:                    cout << "There are not enough cars to add in the list." << endl;
    %%%%%:  350-block  0
call    0 never executed
branch  1 never executed
branch  2 never executed
    %%%%%:  350-block  1
call    3 never executed
branch  4 never executed
branch  5 never executed
    #####:  351:                    break;
    %%%%%:  351-block  0
        -:  352:                }
        -:  353:
    #####:  354:                carsToWashController.addRandomCars(totalNumberOfCars);
    %%%%%:  354-block  0
call    0 never executed
branch  1 never executed
branch  2 never executed
    #####:  355:                cout << "The cars were added successfully." << endl;
    %%%%%:  355-block  0
call    0 never executed
branch  1 never executed
branch  2 never executed
    %%%%%:  355-block  1
call    3 never executed
branch  4 never executed
branch  5 never executed
    #####:  356:                break;
    %%%%%:  356-block  0
    #####:  357:            case 4:
        -:  358:                // Get the export format
    #####:  359:                cout << "Choose the export format between CSV and HTML." << endl;
    %%%%%:  359-block  0
call    0 never executed
branch  1 never executed
branch  2 never executed
    %%%%%:  359-block  1
call    3 never executed
branch  4 never executed
branch  5 never executed
    #####:  360:                cin >> exportFormat;
    %%%%%:  360-block  0
call    0 never executed
branch  1 never executed
branch  2 never executed
    #####:  361:                if (exportFormat != "CSV" && exportFormat != "HTML") {
    %%%%%:  361-block  0
call    0 never executed
branch  1 never executed
branch  2 never executed
    %%%%%:  361-block  1
branch  3 never executed
branch  4 never executed
    %%%%%:  361-block  2
call    5 never executed
branch  6 never executed
branch  7 never executed
    %%%%%:  361-block  3
branch  8 never executed
branch  9 never executed
    %%%%%:  361-block  4
    %%%%%:  361-block  5
    %%%%%:  361-block  6
branch 10 never executed
branch 11 never executed
    #####:  362:                    cout << "Invalid export format." << endl;
    %%%%%:  362-block  0
call    0 never executed
branch  1 never executed
branch  2 never executed
    %%%%%:  362-block  1
call    3 never executed
branch  4 never executed
branch  5 never executed
    #####:  363:                    break;
    %%%%%:  363-block  0
        -:  364:                }
        -:  365:
        -:  366:                // Get the name of the file
    #####:  367:                cout << "Input the name of the file that will be created." << endl;
    %%%%%:  367-block  0
call    0 never executed
branch  1 never executed
branch  2 never executed
    %%%%%:  367-block  1
call    3 never executed
branch  4 never executed
branch  5 never executed
    #####:  368:                cin >> fileName;
    %%%%%:  368-block  0
call    0 never executed
branch  1 never executed
branch  2 never executed
        -:  369:
        -:  370:                // Export the cars
        -:  371:                try {
    #####:  372:                    carsToWashController.exportCarsToWash(exportFormat, fileName);
    %%%%%:  372-block  0
call    0 never executed
branch  1 never executed
branch  2 never executed
    %%%%%:  372-block  1
call    3 never executed
branch  4 never executed
branch  5 never executed
    %%%%%:  372-block  2
call    6 never executed
branch  7 never executed
branch  8 never executed
    %%%%%:  372-block  3
call    9 never executed
call   10 never executed
    $$$$$:  372-block  4
call   11 never executed
    $$$$$:  372-block  5
    $$$$$:  372-block  6
call   12 never executed
    $$$$$:  372-block  7
    #####:  373:                    cout << "The cars were exported successfully." << endl;
call    0 never executed
branch  1 never executed
branch  2 never executed
    %%%%%:  373-block  0
call    3 never executed
branch  4 never executed
branch  5 never executed
    =====:  374:                } catch (InvalidExportFormatError& error) {
    $$$$$:  374-block  0
branch  0 never executed
branch  1 never executed
    $$$$$:  374-block  1
call    2 never executed
    =====:  375:                    cout << error.getErrorMessage() << endl;
call    0 never executed
branch  1 never executed
branch  2 never executed
    $$$$$:  375-block  0
call    3 never executed
branch  4 never executed
branch  5 never executed
    $$$$$:  375-block  1
call    6 never executed
branch  7 never executed
branch  8 never executed
    $$$$$:  375-block  2
call    9 never executed
    $$$$$:  375-block  3
call   10 never executed
    $$$$$:  375-block  4
    =====:  376:                }
call    0 never executed
branch  1 never executed
branch  2 never executed
    $$$$$:  376-block  0
call    3 never executed
    #####:  377:                break;
    %%%%%:  377-block  0
    #####:  378:            case 5:
    #####:  379:                return;
    %%%%%:  379-block  0
    %%%%%:  379-block  1
        -:  380:                break;
        -:  381:        }
    #####:  382:    }
    %%%%%:  382-block  0
    %%%%%:  382-block  1
call    0 never executed
branch  1 never executed
branch  2 never executed
    %%%%%:  382-block  2
    %%%%%:  382-block  3
call    3 never executed
branch  4 never executed
branch  5 never executed
    %%%%%:  382-block  4
    %%%%%:  382-block  5
call    6 never executed
branch  7 never executed
branch  8 never executed
    %%%%%:  382-block  6
    $$$$$:  382-block  7
call    9 never executed
    $$$$$:  382-block  8
call   10 never executed
    $$$$$:  382-block  9
call   11 never executed
        -:  383:
        -:  384:
        -:  385:}
        -:  386:
function _ZN2UI17displayTypeReportERKSt13unordered_mapINSt7__cxx1112basic_stringIcSt11char_traitsIcESaIcEEE7TypeDTOSt4hashIS6_ESt8equal_toIS6_ESaISt4pairIKS6_S7_EEE called 0 returned 0% blocks executed 0%
    #####:  387:void UI::displayTypeReport(const std::unordered_map<std::string, TypeDTO> &typeReport) {
    #####:  388:    printf("+------------------------+-------------------+\n");
    %%%%%:  388-block  0
call    0 never executed
    #####:  389:    printf("|  %-20s  |  %-15s  |\n", "Type", "Count");
call    0 never executed
    #####:  390:    printf("+------------------------+-------------------+\n");
call    0 never executed
        -:  391:
    #####:  392:    for (auto& pair: typeReport) {
call    0 never executed
call    1 never executed
    %%%%%:  392-block  0
call    2 never executed
    %%%%%:  392-block  1
call    3 never executed
    %%%%%:  392-block  2
call    4 never executed
branch  5 never executed
branch  6 never executed
    #####:  393:        printf("|  %-20s  |  %-15d  |\n", pair.first.c_str(), pair.second.getCount());
call    0 never executed
branch  1 never executed
branch  2 never executed
    %%%%%:  393-block  0
call    3 never executed
call    4 never executed
branch  5 never executed
branch  6 never executed
    #####:  394:        printf("+------------------------+-------------------+\n");
    %%%%%:  394-block  0
call    0 never executed
branch  1 never executed
branch  2 never executed
        -:  395:    }
    #####:  396:    if (typeReport.empty()) {
    %%%%%:  396-block  0
call    0 never executed
branch  1 never executed
branch  2 never executed
    #####:  397:        printf("|  %-20s  |  %-15s  |\n", " ", " ");
    %%%%%:  397-block  0
call    0 never executed
    #####:  398:        printf("+------------------------+-------------------+\n");
call    0 never executed
        -:  399:    }
    #####:  400:}
    %%%%%:  400-block  0
